0 verbose cli /usr/local/bin/node /usr/local/bin/npm
1 info using npm@10.8.2
2 info using node@v20.18.0
3 silly config load:file:/usr/local/lib/node_modules/npm/npmrc
4 silly config load:file:/data/.npmrc
5 silly config load:file:/usr/src/node-red/.npmrc
6 silly config load:file:/usr/local/etc/npmrc
7 verbose title npm install node-red-node-telegrambot@0.1.6
8 verbose argv "install" "--no-audit" "--no-update-notifier" "--no-fund" "--save" "--save-prefix" "~" "--omit" "dev" "--engine-strict" "node-red-node-telegrambot@0.1.6"
9 verbose logfile logs-max:10 dir:/data/.npm/_logs/2025-02-19T14_28_27_185Z-
10 verbose logfile /data/.npm/_logs/2025-02-19T14_28_27_185Z-debug-0.log
11 silly packumentCache heap:2059927552 maxSize:514981888 maxEntrySize:257490944
12 silly logfile done cleaning log files
13 silly idealTree buildDeps
14 silly fetch manifest node-red-node-telegrambot@0.1.6
15 silly packumentCache full:https://registry.npmjs.org/node-red-node-telegrambot cache-miss
16 http fetch GET 200 https://registry.npmjs.org/node-red-node-telegrambot 1362ms (cache updated)
17 silly packumentCache full:https://registry.npmjs.org/node-red-node-telegrambot set size:undefined disposed:false
18 silly placeDep ROOT node-red-node-telegrambot@0.1.6 OK for: node-red-project@0.0.1 want: 0.1.6
19 silly fetch manifest telegram@^2.18.38
20 silly packumentCache full:https://registry.npmjs.org/telegram cache-miss
21 http fetch GET 200 https://registry.npmjs.org/telegram 980ms (cache miss)
22 silly packumentCache full:https://registry.npmjs.org/telegram set size:undefined disposed:false
23 silly placeDep ROOT telegram@2.26.22 OK for: node-red-node-telegrambot@0.1.6 want: ^2.18.38
24 silly fetch manifest @cryptography/aes@^0.1.1
25 silly packumentCache full:https://registry.npmjs.org/@cryptography%2faes cache-miss
26 silly fetch manifest async-mutex@^0.3.0
27 silly packumentCache full:https://registry.npmjs.org/async-mutex cache-miss
28 silly fetch manifest big-integer@^1.6.48
29 silly packumentCache full:https://registry.npmjs.org/big-integer cache-miss
30 http fetch GET 200 https://registry.npmjs.org/async-mutex 257ms (cache updated)
31 silly packumentCache full:https://registry.npmjs.org/async-mutex set size:undefined disposed:false
32 silly fetch manifest buffer@^6.0.3
33 silly packumentCache full:https://registry.npmjs.org/buffer cache-miss
34 http fetch GET 200 https://registry.npmjs.org/buffer 324ms (cache updated)
35 silly packumentCache full:https://registry.npmjs.org/buffer set size:undefined disposed:false
36 silly fetch manifest htmlparser2@^6.1.0
37 silly packumentCache full:https://registry.npmjs.org/htmlparser2 cache-miss
38 http fetch GET 200 https://registry.npmjs.org/big-integer 604ms (cache updated)
39 silly packumentCache full:https://registry.npmjs.org/big-integer set size:undefined disposed:false
40 silly fetch manifest mime@^3.0.0
41 silly packumentCache full:https://registry.npmjs.org/mime cache-miss
42 http fetch GET 200 https://registry.npmjs.org/htmlparser2 282ms (cache updated)
43 silly packumentCache full:https://registry.npmjs.org/htmlparser2 set size:undefined disposed:false
44 silly fetch manifest pako@^2.0.3
45 silly packumentCache full:https://registry.npmjs.org/pako cache-miss
46 http fetch GET 200 https://registry.npmjs.org/mime 276ms (cache updated)
47 silly packumentCache full:https://registry.npmjs.org/mime set size:undefined disposed:false
48 silly fetch manifest path-browserify@^1.0.1
49 silly packumentCache full:https://registry.npmjs.org/path-browserify cache-miss
50 http fetch GET 200 https://registry.npmjs.org/pako 314ms (cache updated)
51 silly packumentCache full:https://registry.npmjs.org/pako set size:undefined disposed:false
52 silly fetch manifest real-cancellable-promise@^1.1.1
53 silly packumentCache full:https://registry.npmjs.org/real-cancellable-promise cache-miss
54 http fetch GET 200 https://registry.npmjs.org/path-browserify 375ms (cache updated)
55 silly packumentCache full:https://registry.npmjs.org/path-browserify set size:undefined disposed:false
56 silly fetch manifest store2@^2.13.0
57 silly packumentCache full:https://registry.npmjs.org/store2 cache-miss
58 http fetch GET 200 https://registry.npmjs.org/@cryptography%2faes 1801ms (cache updated)
59 silly packumentCache full:https://registry.npmjs.org/@cryptography%2faes set size:undefined disposed:false
60 silly fetch manifest ts-custom-error@^3.2.0
61 silly packumentCache full:https://registry.npmjs.org/ts-custom-error cache-miss
62 http fetch GET 200 https://registry.npmjs.org/store2 533ms (cache updated)
63 silly packumentCache full:https://registry.npmjs.org/store2 set size:undefined disposed:false
64 silly fetch manifest websocket@^1.0.34
65 silly packumentCache full:https://registry.npmjs.org/websocket cache-miss
66 http fetch GET 200 https://registry.npmjs.org/real-cancellable-promise 848ms (cache miss)
67 silly packumentCache full:https://registry.npmjs.org/real-cancellable-promise set size:undefined disposed:false
68 silly fetch manifest node-localstorage@^2.2.1
69 silly packumentCache full:https://registry.npmjs.org/node-localstorage cache-miss
70 http fetch GET 200 https://registry.npmjs.org/websocket 248ms (cache miss)
71 silly packumentCache full:https://registry.npmjs.org/websocket set size:undefined disposed:false
72 silly fetch manifest socks@^2.6.2
73 silly packumentCache full:https://registry.npmjs.org/socks cache-miss
74 http fetch GET 200 https://registry.npmjs.org/socks 296ms (cache updated)
75 silly packumentCache full:https://registry.npmjs.org/socks set size:undefined disposed:false
76 silly fetch manifest bufferutil@^4.0.3
77 silly packumentCache full:https://registry.npmjs.org/bufferutil cache-miss
78 http fetch GET 200 https://registry.npmjs.org/bufferutil 246ms (cache updated)
79 silly packumentCache full:https://registry.npmjs.org/bufferutil set size:undefined disposed:false
80 silly fetch manifest utf-8-validate@^5.0.5
81 silly packumentCache full:https://registry.npmjs.org/utf-8-validate cache-miss
82 http fetch GET 200 https://registry.npmjs.org/ts-custom-error 1117ms (cache updated)
83 silly packumentCache full:https://registry.npmjs.org/ts-custom-error set size:undefined disposed:false
84 http fetch GET 200 https://registry.npmjs.org/node-localstorage 865ms (cache updated)
85 silly packumentCache full:https://registry.npmjs.org/node-localstorage set size:undefined disposed:false
86 http fetch GET 200 https://registry.npmjs.org/utf-8-validate 357ms (cache updated)
87 silly packumentCache full:https://registry.npmjs.org/utf-8-validate set size:undefined disposed:false
88 silly placeDep ROOT @cryptography/aes@0.1.1 OK for: telegram@2.26.22 want: ^0.1.1
89 silly placeDep ROOT async-mutex@0.3.2 OK for: telegram@2.26.22 want: ^0.3.0
90 silly placeDep ROOT big-integer@1.6.52 OK for: telegram@2.26.22 want: ^1.6.48
91 silly placeDep ROOT buffer@6.0.3 OK for: telegram@2.26.22 want: ^6.0.3
92 silly placeDep ROOT bufferutil@4.0.9 OK for: telegram@2.26.22 want: ^4.0.3
93 silly placeDep ROOT htmlparser2@6.1.0 OK for: telegram@2.26.22 want: ^6.1.0
94 silly placeDep ROOT mime@3.0.0 OK for: telegram@2.26.22 want: ^3.0.0
95 silly placeDep ROOT node-localstorage@2.2.1 OK for: telegram@2.26.22 want: ^2.2.1
96 silly placeDep ROOT pako@2.1.0 OK for: telegram@2.26.22 want: ^2.0.3
97 silly placeDep ROOT path-browserify@1.0.1 OK for: telegram@2.26.22 want: ^1.0.1
98 silly placeDep ROOT real-cancellable-promise@1.2.1 OK for: telegram@2.26.22 want: ^1.1.1
99 silly placeDep ROOT socks@2.8.4 OK for: telegram@2.26.22 want: ^2.6.2
100 silly placeDep ROOT store2@2.14.4 OK for: telegram@2.26.22 want: ^2.13.0
101 silly placeDep ROOT ts-custom-error@3.3.1 OK for: telegram@2.26.22 want: ^3.2.0
102 silly placeDep ROOT utf-8-validate@5.0.10 OK for: telegram@2.26.22 want: ^5.0.5
103 silly placeDep ROOT websocket@1.0.35 OK for: telegram@2.26.22 want: ^1.0.34
104 silly fetch manifest tslib@^2.3.1
105 silly packumentCache full:https://registry.npmjs.org/tslib cache-miss
106 silly fetch manifest base64-js@^1.3.1
107 silly packumentCache full:https://registry.npmjs.org/base64-js cache-miss
108 silly fetch manifest ieee754@^1.2.1
109 silly packumentCache full:https://registry.npmjs.org/ieee754 cache-miss
110 http fetch GET 200 https://registry.npmjs.org/base64-js 230ms (cache miss)
111 silly packumentCache full:https://registry.npmjs.org/base64-js set size:undefined disposed:false
112 silly fetch manifest node-gyp-build@^4.3.0
113 silly packumentCache full:https://registry.npmjs.org/node-gyp-build cache-miss
114 http fetch GET 200 https://registry.npmjs.org/tslib 252ms (cache miss)
115 silly packumentCache full:https://registry.npmjs.org/tslib set size:undefined disposed:false
116 silly fetch manifest domutils@^2.5.2
117 silly packumentCache full:https://registry.npmjs.org/domutils cache-miss
118 http fetch GET 200 https://registry.npmjs.org/ieee754 302ms (cache updated)
119 silly packumentCache full:https://registry.npmjs.org/ieee754 set size:undefined disposed:false
120 silly fetch manifest entities@^2.0.0
121 silly packumentCache full:https://registry.npmjs.org/entities cache-miss
122 http fetch GET 200 https://registry.npmjs.org/node-gyp-build 167ms (cache miss)
123 silly packumentCache full:https://registry.npmjs.org/node-gyp-build set size:undefined disposed:false
124 silly fetch manifest domhandler@^4.0.0
125 silly packumentCache full:https://registry.npmjs.org/domhandler cache-miss
126 http fetch GET 200 https://registry.npmjs.org/domutils 344ms (cache updated)
127 silly packumentCache full:https://registry.npmjs.org/domutils set size:undefined disposed:false
128 silly fetch manifest domelementtype@^2.0.1
129 silly packumentCache full:https://registry.npmjs.org/domelementtype cache-miss
130 http fetch GET 200 https://registry.npmjs.org/entities 386ms (cache updated)
131 silly packumentCache full:https://registry.npmjs.org/entities set size:undefined disposed:false
132 silly fetch manifest write-file-atomic@^1.1.4
133 silly packumentCache full:https://registry.npmjs.org/write-file-atomic cache-miss
134 http fetch GET 200 https://registry.npmjs.org/domhandler 321ms (cache updated)
135 silly packumentCache full:https://registry.npmjs.org/domhandler set size:undefined disposed:false
136 silly fetch manifest ip-address@^9.0.5
137 silly packumentCache full:https://registry.npmjs.org/ip-address cache-miss
138 http fetch GET 200 https://registry.npmjs.org/write-file-atomic 303ms (cache updated)
139 silly packumentCache full:https://registry.npmjs.org/write-file-atomic set size:undefined disposed:false
140 silly fetch manifest smart-buffer@^4.2.0
141 silly packumentCache full:https://registry.npmjs.org/smart-buffer cache-miss
142 http fetch GET 200 https://registry.npmjs.org/ip-address 310ms (cache updated)
143 silly packumentCache full:https://registry.npmjs.org/ip-address set size:undefined disposed:false
144 silly fetch manifest debug@^2.2.0
145 silly packumentCache full:https://registry.npmjs.org/debug cache-miss
146 http fetch GET 200 https://registry.npmjs.org/domelementtype 470ms (cache updated)
147 silly packumentCache full:https://registry.npmjs.org/domelementtype set size:undefined disposed:false
148 silly fetch manifest es5-ext@^0.10.63
149 silly packumentCache full:https://registry.npmjs.org/es5-ext cache-miss
150 http fetch GET 200 https://registry.npmjs.org/smart-buffer 518ms (cache updated)
151 silly packumentCache full:https://registry.npmjs.org/smart-buffer set size:undefined disposed:false
152 silly fetch manifest typedarray-to-buffer@^3.1.5
153 silly packumentCache full:https://registry.npmjs.org/typedarray-to-buffer cache-miss
154 http fetch GET 200 https://registry.npmjs.org/es5-ext 484ms (cache updated)
155 silly packumentCache full:https://registry.npmjs.org/es5-ext set size:undefined disposed:false
156 silly fetch manifest yaeti@^0.0.6
157 silly packumentCache full:https://registry.npmjs.org/yaeti cache-miss
158 http fetch GET 200 https://registry.npmjs.org/debug 674ms (cache updated)
159 silly packumentCache full:https://registry.npmjs.org/debug set size:undefined disposed:false
160 http fetch GET 200 https://registry.npmjs.org/typedarray-to-buffer 429ms (cache miss)
161 silly packumentCache full:https://registry.npmjs.org/typedarray-to-buffer set size:undefined disposed:false
162 http fetch GET 200 https://registry.npmjs.org/yaeti 529ms (cache updated)
163 silly packumentCache full:https://registry.npmjs.org/yaeti set size:undefined disposed:false
164 silly placeDep ROOT tslib@2.8.1 OK for: async-mutex@0.3.2 want: ^2.3.1
165 silly placeDep ROOT base64-js@1.5.1 OK for: buffer@6.0.3 want: ^1.3.1
166 silly placeDep ROOT ieee754@1.2.1 OK for: buffer@6.0.3 want: ^1.2.1
167 silly placeDep ROOT node-gyp-build@4.8.4 OK for: bufferutil@4.0.9 want: ^4.3.0
168 silly placeDep ROOT domelementtype@2.3.0 OK for: htmlparser2@6.1.0 want: ^2.0.1
169 silly placeDep ROOT domhandler@4.3.1 OK for: htmlparser2@6.1.0 want: ^4.0.0
170 silly placeDep ROOT domutils@2.8.0 OK for: htmlparser2@6.1.0 want: ^2.5.2
171 silly placeDep ROOT entities@2.2.0 OK for: htmlparser2@6.1.0 want: ^2.0.0
172 silly fetch manifest dom-serializer@^1.0.1
173 silly packumentCache full:https://registry.npmjs.org/dom-serializer cache-miss
174 http fetch GET 200 https://registry.npmjs.org/dom-serializer 311ms (cache updated)
175 silly packumentCache full:https://registry.npmjs.org/dom-serializer set size:undefined disposed:false
176 silly placeDep ROOT dom-serializer@1.4.1 OK for: domutils@2.8.0 want: ^1.0.1
177 silly placeDep ROOT write-file-atomic@1.3.4 OK for: node-localstorage@2.2.1 want: ^1.1.4
178 silly fetch manifest slide@^1.1.5
179 silly packumentCache full:https://registry.npmjs.org/slide cache-miss
180 silly fetch manifest graceful-fs@^4.1.11
181 silly packumentCache full:https://registry.npmjs.org/graceful-fs cache-miss
182 silly fetch manifest imurmurhash@^0.1.4
183 silly packumentCache full:https://registry.npmjs.org/imurmurhash cache-miss
184 http fetch GET 200 https://registry.npmjs.org/imurmurhash 407ms (cache miss)
185 silly packumentCache full:https://registry.npmjs.org/imurmurhash set size:undefined disposed:false
186 http fetch GET 200 https://registry.npmjs.org/graceful-fs 418ms (cache miss)
187 silly packumentCache full:https://registry.npmjs.org/graceful-fs set size:undefined disposed:false
188 http fetch GET 200 https://registry.npmjs.org/slide 464ms (cache updated)
189 silly packumentCache full:https://registry.npmjs.org/slide set size:undefined disposed:false
190 silly placeDep ROOT ip-address@9.0.5 OK for: socks@2.8.4 want: ^9.0.5
191 silly placeDep ROOT smart-buffer@4.2.0 OK for: socks@2.8.4 want: ^4.2.0
192 silly fetch manifest jsbn@1.1.0
193 silly packumentCache full:https://registry.npmjs.org/jsbn cache-miss
194 silly fetch manifest sprintf-js@^1.1.3
195 silly packumentCache full:https://registry.npmjs.org/sprintf-js cache-miss
196 http fetch GET 200 https://registry.npmjs.org/jsbn 249ms (cache miss)
197 silly packumentCache full:https://registry.npmjs.org/jsbn set size:undefined disposed:false
198 http fetch GET 200 https://registry.npmjs.org/sprintf-js 281ms (cache updated)
199 silly packumentCache full:https://registry.npmjs.org/sprintf-js set size:undefined disposed:false
200 silly placeDep ROOT jsbn@1.1.0 OK for: ip-address@9.0.5 want: 1.1.0
201 silly placeDep ROOT sprintf-js@1.1.3 OK for: ip-address@9.0.5 want: ^1.1.3
202 silly placeDep ROOT debug@2.6.9 OK for: websocket@1.0.35 want: ^2.2.0
203 silly placeDep ROOT es5-ext@0.10.64 OK for: websocket@1.0.35 want: ^0.10.63
204 silly placeDep ROOT typedarray-to-buffer@3.1.5 OK for: websocket@1.0.35 want: ^3.1.5
205 silly placeDep ROOT yaeti@0.0.6 OK for: websocket@1.0.35 want: ^0.0.6
206 silly fetch manifest ms@2.0.0
207 silly packumentCache full:https://registry.npmjs.org/ms cache-miss
208 silly fetch manifest es6-iterator@^2.0.3
209 silly packumentCache full:https://registry.npmjs.org/es6-iterator cache-miss
210 silly fetch manifest es6-symbol@^3.1.3
211 silly packumentCache full:https://registry.npmjs.org/es6-symbol cache-miss
212 http fetch GET 200 https://registry.npmjs.org/es6-symbol 261ms (cache updated)
213 silly packumentCache full:https://registry.npmjs.org/es6-symbol set size:undefined disposed:false
214 silly fetch manifest esniff@^2.0.1
215 silly packumentCache full:https://registry.npmjs.org/esniff cache-miss
216 http fetch GET 200 https://registry.npmjs.org/ms 336ms (cache updated)
217 silly packumentCache full:https://registry.npmjs.org/ms set size:undefined disposed:false
218 silly fetch manifest next-tick@^1.1.0
219 silly packumentCache full:https://registry.npmjs.org/next-tick cache-miss
220 http fetch GET 200 https://registry.npmjs.org/es6-iterator 349ms (cache updated)
221 silly packumentCache full:https://registry.npmjs.org/es6-iterator set size:undefined disposed:false
222 silly fetch manifest is-typedarray@^1.0.0
223 silly packumentCache full:https://registry.npmjs.org/is-typedarray cache-miss
224 http fetch GET 200 https://registry.npmjs.org/esniff 337ms (cache miss)
225 silly packumentCache full:https://registry.npmjs.org/esniff set size:undefined disposed:false
226 http fetch GET 200 https://registry.npmjs.org/next-tick 273ms (cache updated)
227 silly packumentCache full:https://registry.npmjs.org/next-tick set size:undefined disposed:false
228 http fetch GET 200 https://registry.npmjs.org/is-typedarray 274ms (cache updated)
229 silly packumentCache full:https://registry.npmjs.org/is-typedarray set size:undefined disposed:false
230 silly placeDep ROOT ms@2.0.0 OK for: debug@2.6.9 want: 2.0.0
231 silly placeDep ROOT es6-iterator@2.0.3 OK for: es5-ext@0.10.64 want: ^2.0.3
232 silly placeDep ROOT es6-symbol@3.1.4 OK for: es5-ext@0.10.64 want: ^3.1.3
233 silly placeDep ROOT esniff@2.0.1 OK for: es5-ext@0.10.64 want: ^2.0.1
234 silly placeDep ROOT next-tick@1.1.0 OK for: es5-ext@0.10.64 want: ^1.1.0
235 silly fetch manifest d@1
236 silly packumentCache full:https://registry.npmjs.org/d cache-miss
237 silly fetch manifest es6-symbol@^3.1.1
238 silly packumentCache full:https://registry.npmjs.org/es6-symbol cache-miss
239 silly fetch manifest d@^1.0.2
240 silly packumentCache full:https://registry.npmjs.org/d cache-miss
241 http fetch GET 200 https://registry.npmjs.org/es6-symbol 146ms (cache hit)
242 silly packumentCache full:https://registry.npmjs.org/es6-symbol set size:32033 disposed:false
243 silly fetch manifest ext@^1.7.0
244 silly packumentCache full:https://registry.npmjs.org/ext cache-miss
245 http fetch GET 200 https://registry.npmjs.org/d 334ms (cache updated)
246 silly packumentCache full:https://registry.npmjs.org/d set size:undefined disposed:false
247 silly fetch manifest d@^1.0.1
248 silly packumentCache full:https://registry.npmjs.org/d cache-miss
249 http fetch GET 200 https://registry.npmjs.org/d 331ms (cache updated)
250 silly packumentCache full:https://registry.npmjs.org/d set size:undefined disposed:false
251 silly fetch manifest event-emitter@^0.3.5
252 silly packumentCache full:https://registry.npmjs.org/event-emitter cache-miss
253 http fetch GET 200 https://registry.npmjs.org/ext 260ms (cache updated)
254 silly packumentCache full:https://registry.npmjs.org/ext set size:undefined disposed:false
255 silly fetch manifest type@^2.7.2
256 silly packumentCache full:https://registry.npmjs.org/type cache-miss
257 http fetch GET 200 https://registry.npmjs.org/d 142ms (cache hit)
258 silly packumentCache full:https://registry.npmjs.org/d set size:14705 disposed:false
259 http fetch GET 200 https://registry.npmjs.org/event-emitter 297ms (cache updated)
260 silly packumentCache full:https://registry.npmjs.org/event-emitter set size:undefined disposed:false
261 http fetch GET 200 https://registry.npmjs.org/type 222ms (cache miss)
262 silly packumentCache full:https://registry.npmjs.org/type set size:undefined disposed:false
263 silly placeDep ROOT d@1.0.2 OK for: es6-iterator@2.0.3 want: 1
264 silly placeDep ROOT type@2.7.3 OK for: d@1.0.2 want: ^2.7.2
265 silly placeDep ROOT ext@1.7.0 OK for: es6-symbol@3.1.4 want: ^1.7.0
266 silly placeDep ROOT event-emitter@0.3.5 OK for: esniff@2.0.1 want: ^0.3.5
267 silly placeDep ROOT is-typedarray@1.0.0 OK for: typedarray-to-buffer@3.1.5 want: ^1.0.0
268 silly placeDep ROOT graceful-fs@4.2.11 OK for: write-file-atomic@1.3.4 want: ^4.1.11
269 silly placeDep ROOT imurmurhash@0.1.4 OK for: write-file-atomic@1.3.4 want: ^0.1.4
270 silly placeDep ROOT slide@1.1.6 OK for: write-file-atomic@1.3.4 want: ^1.1.5
271 silly reify moves {}
272 info run bufferutil@4.0.9 install node_modules/bufferutil node-gyp-build
273 info run utf-8-validate@5.0.10 install node_modules/utf-8-validate node-gyp-build
274 info run utf-8-validate@5.0.10 install { code: 0, signal: null }
275 info run bufferutil@4.0.9 install { code: 0, signal: null }
276 info run es5-ext@0.10.64 postinstall node_modules/es5-ext  node -e "try{require('./_postinstall')}catch(e){}" || exit 0
277 info run es5-ext@0.10.64 postinstall { code: 0, signal: null }
278 silly ADD node_modules/slide
279 silly ADD node_modules/imurmurhash
280 silly ADD node_modules/graceful-fs
281 silly ADD node_modules/is-typedarray
282 silly ADD node_modules/event-emitter
283 silly ADD node_modules/ext
284 silly ADD node_modules/type
285 silly ADD node_modules/d
286 silly ADD node_modules/next-tick
287 silly ADD node_modules/esniff
288 silly ADD node_modules/es6-symbol
289 silly ADD node_modules/es6-iterator
290 silly ADD node_modules/ms
291 silly ADD node_modules/yaeti
292 silly ADD node_modules/typedarray-to-buffer
293 silly ADD node_modules/es5-ext
294 silly ADD node_modules/debug
295 silly ADD node_modules/sprintf-js
296 silly ADD node_modules/jsbn
297 silly ADD node_modules/smart-buffer
298 silly ADD node_modules/ip-address
299 silly ADD node_modules/write-file-atomic
300 silly ADD node_modules/dom-serializer
301 silly ADD node_modules/entities
302 silly ADD node_modules/domutils
303 silly ADD node_modules/domhandler
304 silly ADD node_modules/domelementtype
305 silly ADD node_modules/node-gyp-build
306 silly ADD node_modules/ieee754
307 silly ADD node_modules/base64-js
308 silly ADD node_modules/tslib
309 silly ADD node_modules/websocket
310 silly ADD node_modules/utf-8-validate
311 silly ADD node_modules/ts-custom-error
312 silly ADD node_modules/store2
313 silly ADD node_modules/socks
314 silly ADD node_modules/real-cancellable-promise
315 silly ADD node_modules/path-browserify
316 silly ADD node_modules/pako
317 silly ADD node_modules/node-localstorage
318 silly ADD node_modules/mime
319 silly ADD node_modules/htmlparser2
320 silly ADD node_modules/bufferutil
321 silly ADD node_modules/buffer
322 silly ADD node_modules/big-integer
323 silly ADD node_modules/async-mutex
324 silly ADD node_modules/@cryptography/aes
325 silly ADD node_modules/telegram
326 silly ADD node_modules/node-red-node-telegrambot
327 verbose cwd /data
328 verbose os Linux 5.15.167.4-microsoft-standard-WSL2
329 verbose node v20.18.0
330 verbose npm  v10.8.2
331 verbose exit 0
332 info ok
