0 verbose cli /usr/local/bin/node /usr/local/bin/npm
1 info using npm@10.8.2
2 info using node@v20.18.0
3 silly config load:file:/usr/local/lib/node_modules/npm/npmrc
4 silly config load:file:/data/.npmrc
5 silly config load:file:/usr/src/node-red/.npmrc
6 silly config load:file:/usr/local/etc/npmrc
7 verbose title npm install node-red-contrib-telegrambot@16.2.0
8 verbose argv "install" "--no-audit" "--no-update-notifier" "--no-fund" "--save" "--save-prefix" "~" "--omit" "dev" "--engine-strict" "node-red-contrib-telegrambot@16.2.0"
9 verbose logfile logs-max:10 dir:/data/.npm/_logs/2025-02-19T14_29_13_796Z-
10 verbose logfile /data/.npm/_logs/2025-02-19T14_29_13_796Z-debug-0.log
11 silly packumentCache heap:2059927552 maxSize:514981888 maxEntrySize:257490944
12 silly logfile done cleaning log files
13 silly idealTree buildDeps
14 silly fetch manifest node-red-contrib-telegrambot@16.2.0
15 silly packumentCache full:https://registry.npmjs.org/node-red-contrib-telegrambot cache-miss
16 http fetch GET 200 https://registry.npmjs.org/node-red-contrib-telegrambot 791ms (cache updated)
17 silly packumentCache full:https://registry.npmjs.org/node-red-contrib-telegrambot set size:undefined disposed:false
18 silly placeDep ROOT node-red-contrib-telegrambot@16.2.0 OK for: node-red-project@0.0.1 want: 16.2.0
19 silly fetch manifest bluebird@^3.7.2
20 silly packumentCache full:https://registry.npmjs.org/bluebird cache-miss
21 silly fetch manifest node-telegram-bot-api@^0.66.0
22 silly packumentCache full:https://registry.npmjs.org/node-telegram-bot-api cache-miss
23 silly fetch manifest socks-proxy-agent@^8.0.3
24 silly packumentCache full:https://registry.npmjs.org/socks-proxy-agent cache-miss
25 http fetch GET 200 https://registry.npmjs.org/socks-proxy-agent 254ms (cache miss)
26 silly packumentCache full:https://registry.npmjs.org/socks-proxy-agent set size:undefined disposed:false
27 http fetch GET 200 https://registry.npmjs.org/bluebird 606ms (cache updated)
28 silly packumentCache full:https://registry.npmjs.org/bluebird set size:undefined disposed:false
29 http fetch GET 200 https://registry.npmjs.org/node-telegram-bot-api 745ms (cache updated)
30 silly packumentCache full:https://registry.npmjs.org/node-telegram-bot-api set size:undefined disposed:false
31 silly placeDep ROOT bluebird@3.7.2 OK for: node-red-contrib-telegrambot@16.2.0 want: ^3.7.2
32 silly placeDep ROOT node-telegram-bot-api@0.66.0 OK for: node-red-contrib-telegrambot@16.2.0 want: ^0.66.0
33 silly placeDep ROOT socks-proxy-agent@8.0.5 OK for: node-red-contrib-telegrambot@16.2.0 want: ^8.0.3
34 silly fetch manifest @cypress/request@^3.0.1
35 silly packumentCache full:https://registry.npmjs.org/@cypress%2frequest cache-miss
36 silly fetch manifest @cypress/request-promise@^5.0.0
37 silly packumentCache full:https://registry.npmjs.org/@cypress%2frequest-promise cache-miss
38 silly fetch manifest array.prototype.findindex@^2.0.2
39 silly packumentCache full:https://registry.npmjs.org/array.prototype.findindex cache-miss
40 http fetch GET 200 https://registry.npmjs.org/array.prototype.findindex 315ms (cache miss)
41 silly packumentCache full:https://registry.npmjs.org/array.prototype.findindex set size:undefined disposed:false
42 silly fetch manifest bl@^1.2.3
43 silly packumentCache full:https://registry.npmjs.org/bl cache-miss
44 http fetch GET 200 https://registry.npmjs.org/@cypress%2frequest-promise 679ms (cache updated)
45 silly packumentCache full:https://registry.npmjs.org/@cypress%2frequest-promise set size:undefined disposed:false
46 silly fetch manifest debug@^3.2.7
47 silly packumentCache full:https://registry.npmjs.org/debug cache-miss
48 http fetch GET 200 https://registry.npmjs.org/@cypress%2frequest 700ms (cache updated)
49 silly packumentCache full:https://registry.npmjs.org/@cypress%2frequest set size:undefined disposed:false
50 silly fetch manifest eventemitter3@^3.0.0
51 silly packumentCache full:https://registry.npmjs.org/eventemitter3 cache-miss
52 http fetch GET 200 https://registry.npmjs.org/bl 447ms (cache miss)
53 silly packumentCache full:https://registry.npmjs.org/bl set size:undefined disposed:false
54 silly fetch manifest file-type@^3.9.0
55 silly packumentCache full:https://registry.npmjs.org/file-type cache-miss
56 http fetch GET 200 https://registry.npmjs.org/debug 272ms (cache hit)
57 silly packumentCache full:https://registry.npmjs.org/debug set size:191220 disposed:false
58 silly fetch manifest mime@^1.6.0
59 silly packumentCache full:https://registry.npmjs.org/mime cache-miss
60 http fetch GET 200 https://registry.npmjs.org/eventemitter3 453ms (cache updated)
61 silly packumentCache full:https://registry.npmjs.org/eventemitter3 set size:undefined disposed:false
62 silly fetch manifest pump@^2.0.0
63 silly packumentCache full:https://registry.npmjs.org/pump cache-miss
64 http fetch GET 200 https://registry.npmjs.org/mime 215ms (cache hit)
65 silly packumentCache full:https://registry.npmjs.org/mime set size:114268 disposed:false
66 silly fetch manifest agent-base@^7.1.2
67 silly packumentCache full:https://registry.npmjs.org/agent-base cache-miss
68 http fetch GET 200 https://registry.npmjs.org/file-type 439ms (cache updated)
69 silly packumentCache full:https://registry.npmjs.org/file-type set size:undefined disposed:false
70 silly fetch manifest debug@^4.3.4
71 silly packumentCache full:https://registry.npmjs.org/debug cache-hit
72 http fetch GET 200 https://registry.npmjs.org/pump 294ms (cache updated)
73 silly packumentCache full:https://registry.npmjs.org/pump set size:undefined disposed:false
74 http fetch GET 200 https://registry.npmjs.org/agent-base 264ms (cache updated)
75 silly packumentCache full:https://registry.npmjs.org/agent-base set size:undefined disposed:false
76 silly placeDep ROOT @cypress/request@3.0.7 OK for: node-telegram-bot-api@0.66.0 want: ^3.0.1
77 silly placeDep ROOT @cypress/request-promise@5.0.0 OK for: node-telegram-bot-api@0.66.0 want: ^5.0.0
78 silly placeDep ROOT array.prototype.findindex@2.2.4 OK for: node-telegram-bot-api@0.66.0 want: ^2.0.2
79 silly placeDep ROOT bl@1.2.3 OK for: node-telegram-bot-api@0.66.0 want: ^1.2.3
80 silly placeDep node_modules/node-telegram-bot-api debug@3.2.7 OK for: node-telegram-bot-api@0.66.0 want: ^3.2.7
81 silly placeDep ROOT eventemitter3@3.1.2 OK for: node-telegram-bot-api@0.66.0 want: ^3.0.0
82 silly placeDep ROOT file-type@3.9.0 OK for: node-telegram-bot-api@0.66.0 want: ^3.9.0
83 silly placeDep node_modules/node-telegram-bot-api mime@1.6.0 OK for: node-telegram-bot-api@0.66.0 want: ^1.6.0
84 silly placeDep ROOT pump@2.0.1 OK for: node-telegram-bot-api@0.66.0 want: ^2.0.0
85 silly fetch manifest aws-sign2@~0.7.0
86 silly packumentCache full:https://registry.npmjs.org/aws-sign2 cache-miss
87 silly fetch manifest aws4@^1.8.0
88 silly packumentCache full:https://registry.npmjs.org/aws4 cache-miss
89 silly fetch manifest caseless@~0.12.0
90 silly packumentCache full:https://registry.npmjs.org/caseless cache-miss
91 http fetch GET 200 https://registry.npmjs.org/aws4 224ms (cache miss)
92 silly packumentCache full:https://registry.npmjs.org/aws4 set size:undefined disposed:false
93 silly fetch manifest combined-stream@~1.0.6
94 silly packumentCache full:https://registry.npmjs.org/combined-stream cache-miss
95 http fetch GET 200 https://registry.npmjs.org/aws-sign2 248ms (cache updated)
96 silly packumentCache full:https://registry.npmjs.org/aws-sign2 set size:undefined disposed:false
97 silly fetch manifest extend@~3.0.2
98 silly packumentCache full:https://registry.npmjs.org/extend cache-miss
99 http fetch GET 200 https://registry.npmjs.org/caseless 259ms (cache updated)
100 silly packumentCache full:https://registry.npmjs.org/caseless set size:undefined disposed:false
101 silly fetch manifest forever-agent@~0.6.1
102 silly packumentCache full:https://registry.npmjs.org/forever-agent cache-miss
103 http fetch GET 200 https://registry.npmjs.org/forever-agent 286ms (cache miss)
104 silly packumentCache full:https://registry.npmjs.org/forever-agent set size:undefined disposed:false
105 silly fetch manifest form-data@~4.0.0
106 silly packumentCache full:https://registry.npmjs.org/form-data cache-miss
107 http fetch GET 200 https://registry.npmjs.org/extend 317ms (cache updated)
108 silly packumentCache full:https://registry.npmjs.org/extend set size:undefined disposed:false
109 silly fetch manifest http-signature@~1.4.0
110 silly packumentCache full:https://registry.npmjs.org/http-signature cache-miss
111 http fetch GET 200 https://registry.npmjs.org/combined-stream 375ms (cache updated)
112 silly packumentCache full:https://registry.npmjs.org/combined-stream set size:undefined disposed:false
113 silly fetch manifest isstream@~0.1.2
114 silly packumentCache full:https://registry.npmjs.org/isstream cache-miss
115 http fetch GET 200 https://registry.npmjs.org/http-signature 308ms (cache miss)
116 silly packumentCache full:https://registry.npmjs.org/http-signature set size:undefined disposed:false
117 silly fetch manifest json-stringify-safe@~5.0.1
118 silly packumentCache full:https://registry.npmjs.org/json-stringify-safe cache-miss
119 http fetch GET 200 https://registry.npmjs.org/form-data 330ms (cache miss)
120 silly packumentCache full:https://registry.npmjs.org/form-data set size:undefined disposed:false
121 silly fetch manifest mime-types@~2.1.19
122 silly packumentCache full:https://registry.npmjs.org/mime-types cache-miss
123 http fetch GET 200 https://registry.npmjs.org/isstream 433ms (cache updated)
124 silly packumentCache full:https://registry.npmjs.org/isstream set size:undefined disposed:false
125 silly fetch manifest performance-now@^2.1.0
126 silly packumentCache full:https://registry.npmjs.org/performance-now cache-miss
127 http fetch GET 200 https://registry.npmjs.org/json-stringify-safe 410ms (cache updated)
128 silly packumentCache full:https://registry.npmjs.org/json-stringify-safe set size:undefined disposed:false
129 silly fetch manifest qs@6.13.1
130 silly packumentCache full:https://registry.npmjs.org/qs cache-miss
131 http fetch GET 200 https://registry.npmjs.org/mime-types 401ms (cache updated)
132 silly packumentCache full:https://registry.npmjs.org/mime-types set size:undefined disposed:false
133 silly fetch manifest safe-buffer@^5.1.2
134 silly packumentCache full:https://registry.npmjs.org/safe-buffer cache-miss
135 http fetch GET 200 https://registry.npmjs.org/performance-now 311ms (cache updated)
136 silly packumentCache full:https://registry.npmjs.org/performance-now set size:undefined disposed:false
137 silly fetch manifest tough-cookie@^5.0.0
138 silly packumentCache full:https://registry.npmjs.org/tough-cookie cache-miss
139 http fetch GET 200 https://registry.npmjs.org/safe-buffer 335ms (cache updated)
140 silly packumentCache full:https://registry.npmjs.org/safe-buffer set size:undefined disposed:false
141 silly fetch manifest tunnel-agent@^0.6.0
142 silly packumentCache full:https://registry.npmjs.org/tunnel-agent cache-miss
143 http fetch GET 200 https://registry.npmjs.org/tough-cookie 344ms (cache miss)
144 silly packumentCache full:https://registry.npmjs.org/tough-cookie set size:undefined disposed:false
145 silly fetch manifest uuid@^8.3.2
146 silly packumentCache full:https://registry.npmjs.org/uuid cache-miss
147 http fetch GET 200 https://registry.npmjs.org/qs 449ms (cache miss)
148 silly packumentCache full:https://registry.npmjs.org/qs set size:undefined disposed:false
149 silly fetch manifest request-promise-core@1.1.3
150 silly packumentCache full:https://registry.npmjs.org/request-promise-core cache-miss
151 http fetch GET 200 https://registry.npmjs.org/request-promise-core 218ms (cache miss)
152 silly packumentCache full:https://registry.npmjs.org/request-promise-core set size:undefined disposed:false
153 silly fetch manifest stealthy-require@^1.1.1
154 silly packumentCache full:https://registry.npmjs.org/stealthy-require cache-miss
155 http fetch GET 200 https://registry.npmjs.org/tunnel-agent 497ms (cache updated)
156 silly packumentCache full:https://registry.npmjs.org/tunnel-agent set size:undefined disposed:false
157 silly fetch manifest tough-cookie@^4.1.3
158 silly packumentCache full:https://registry.npmjs.org/tough-cookie cache-miss
159 http fetch GET 200 https://registry.npmjs.org/uuid 523ms (cache updated)
160 silly packumentCache full:https://registry.npmjs.org/uuid set size:undefined disposed:false
161 silly fetch manifest call-bind@^1.0.8
162 silly packumentCache full:https://registry.npmjs.org/call-bind cache-miss
163 http fetch GET 200 https://registry.npmjs.org/tough-cookie 138ms (cache hit)
164 silly packumentCache full:https://registry.npmjs.org/tough-cookie set size:124737 disposed:false
165 silly fetch manifest call-bound@^1.0.3
166 silly packumentCache full:https://registry.npmjs.org/call-bound cache-miss
167 http fetch GET 200 https://registry.npmjs.org/stealthy-require 416ms (cache updated)
168 silly packumentCache full:https://registry.npmjs.org/stealthy-require set size:undefined disposed:false
169 silly fetch manifest define-properties@^1.2.1
170 silly packumentCache full:https://registry.npmjs.org/define-properties cache-miss
171 http fetch GET 200 https://registry.npmjs.org/call-bound 197ms (cache miss)
172 silly packumentCache full:https://registry.npmjs.org/call-bound set size:undefined disposed:false
173 silly fetch manifest es-abstract@^1.23.6
174 silly packumentCache full:https://registry.npmjs.org/es-abstract cache-miss
175 http fetch GET 200 https://registry.npmjs.org/call-bind 313ms (cache updated)
176 silly packumentCache full:https://registry.npmjs.org/call-bind set size:undefined disposed:false
177 silly fetch manifest es-object-atoms@^1.0.0
178 silly packumentCache full:https://registry.npmjs.org/es-object-atoms cache-miss
179 http fetch GET 200 https://registry.npmjs.org/define-properties 445ms (cache updated)
180 silly packumentCache full:https://registry.npmjs.org/define-properties set size:undefined disposed:false
181 silly fetch manifest es-shim-unscopables@^1.0.2
182 silly packumentCache full:https://registry.npmjs.org/es-shim-unscopables cache-miss
183 http fetch GET 200 https://registry.npmjs.org/es-object-atoms 317ms (cache updated)
184 silly packumentCache full:https://registry.npmjs.org/es-object-atoms set size:undefined disposed:false
185 silly fetch manifest safe-buffer@^5.1.1
186 silly packumentCache full:https://registry.npmjs.org/safe-buffer cache-miss
187 http fetch GET 200 https://registry.npmjs.org/es-abstract 364ms (cache miss)
188 silly packumentCache full:https://registry.npmjs.org/es-abstract set size:undefined disposed:false
189 silly fetch manifest readable-stream@^2.3.5
190 silly packumentCache full:https://registry.npmjs.org/readable-stream cache-miss
191 http fetch GET 200 https://registry.npmjs.org/es-shim-unscopables 480ms (cache miss)
192 silly packumentCache full:https://registry.npmjs.org/es-shim-unscopables set size:undefined disposed:false
193 silly fetch manifest ms@^2.1.1
194 silly packumentCache full:https://registry.npmjs.org/ms cache-miss
195 http fetch GET 200 https://registry.npmjs.org/safe-buffer 479ms (cache hit)
196 silly packumentCache full:https://registry.npmjs.org/safe-buffer set size:41183 disposed:false
197 silly fetch manifest once@^1.3.1
198 silly packumentCache full:https://registry.npmjs.org/once cache-miss
199 http fetch GET 200 https://registry.npmjs.org/readable-stream 489ms (cache miss)
200 silly packumentCache full:https://registry.npmjs.org/readable-stream set size:undefined disposed:false
201 silly fetch manifest end-of-stream@^1.1.0
202 silly packumentCache full:https://registry.npmjs.org/end-of-stream cache-miss
203 http fetch GET 200 https://registry.npmjs.org/ms 154ms (cache hit)
204 silly packumentCache full:https://registry.npmjs.org/ms set size:84883 disposed:false
205 http fetch GET 200 https://registry.npmjs.org/once 291ms (cache updated)
206 silly packumentCache full:https://registry.npmjs.org/once set size:undefined disposed:false
207 http fetch GET 200 https://registry.npmjs.org/end-of-stream 292ms (cache updated)
208 silly packumentCache full:https://registry.npmjs.org/end-of-stream set size:undefined disposed:false
209 silly placeDep ROOT aws-sign2@0.7.0 OK for: @cypress/request@3.0.7 want: ~0.7.0
210 silly placeDep ROOT aws4@1.13.2 OK for: @cypress/request@3.0.7 want: ^1.8.0
211 silly placeDep ROOT caseless@0.12.0 OK for: @cypress/request@3.0.7 want: ~0.12.0
212 silly placeDep ROOT combined-stream@1.0.8 OK for: @cypress/request@3.0.7 want: ~1.0.6
213 silly placeDep ROOT extend@3.0.2 OK for: @cypress/request@3.0.7 want: ~3.0.2
214 silly placeDep ROOT forever-agent@0.6.1 OK for: @cypress/request@3.0.7 want: ~0.6.1
215 silly placeDep ROOT form-data@4.0.2 OK for: @cypress/request@3.0.7 want: ~4.0.0
216 silly placeDep ROOT http-signature@1.4.0 OK for: @cypress/request@3.0.7 want: ~1.4.0
217 silly placeDep ROOT isstream@0.1.2 OK for: @cypress/request@3.0.7 want: ~0.1.2
218 silly placeDep ROOT json-stringify-safe@5.0.1 OK for: @cypress/request@3.0.7 want: ~5.0.1
219 silly placeDep ROOT mime-types@2.1.35 OK for: @cypress/request@3.0.7 want: ~2.1.19
220 silly placeDep ROOT performance-now@2.1.0 OK for: @cypress/request@3.0.7 want: ^2.1.0
221 silly placeDep ROOT qs@6.13.1 OK for: @cypress/request@3.0.7 want: 6.13.1
222 silly placeDep ROOT safe-buffer@5.2.1 OK for: @cypress/request@3.0.7 want: ^5.1.2
223 silly placeDep ROOT tough-cookie@5.1.1 OK for: @cypress/request@3.0.7 want: ^5.0.0
224 silly placeDep ROOT tunnel-agent@0.6.0 OK for: @cypress/request@3.0.7 want: ^0.6.0
225 silly placeDep ROOT uuid@8.3.2 OK for: @cypress/request@3.0.7 want: ^8.3.2
226 silly fetch manifest delayed-stream@~1.0.0
227 silly packumentCache full:https://registry.npmjs.org/delayed-stream cache-miss
228 silly fetch manifest asynckit@^0.4.0
229 silly packumentCache full:https://registry.npmjs.org/asynckit cache-miss
230 silly fetch manifest es-set-tostringtag@^2.1.0
231 silly packumentCache full:https://registry.npmjs.org/es-set-tostringtag cache-miss
232 http fetch GET 200 https://registry.npmjs.org/es-set-tostringtag 203ms (cache miss)
233 silly packumentCache full:https://registry.npmjs.org/es-set-tostringtag set size:undefined disposed:false
234 silly fetch manifest mime-types@^2.1.12
235 silly packumentCache full:https://registry.npmjs.org/mime-types cache-miss
236 http fetch GET 200 https://registry.npmjs.org/mime-types 147ms (cache hit)
237 silly packumentCache full:https://registry.npmjs.org/mime-types set size:129792 disposed:false
238 silly fetch manifest sshpk@^1.18.0
239 silly packumentCache full:https://registry.npmjs.org/sshpk cache-miss
240 http fetch GET 200 https://registry.npmjs.org/asynckit 404ms (cache updated)
241 silly packumentCache full:https://registry.npmjs.org/asynckit set size:undefined disposed:false
242 silly fetch manifest jsprim@^2.0.2
243 silly packumentCache full:https://registry.npmjs.org/jsprim cache-miss
244 http fetch GET 200 https://registry.npmjs.org/delayed-stream 442ms (cache updated)
245 silly packumentCache full:https://registry.npmjs.org/delayed-stream set size:undefined disposed:false
246 silly fetch manifest assert-plus@^1.0.0
247 silly packumentCache full:https://registry.npmjs.org/assert-plus cache-miss
248 http fetch GET 200 https://registry.npmjs.org/sshpk 243ms (cache miss)
249 silly packumentCache full:https://registry.npmjs.org/sshpk set size:undefined disposed:false
250 silly fetch manifest mime-db@1.52.0
251 silly packumentCache full:https://registry.npmjs.org/mime-db cache-miss
252 http fetch GET 200 https://registry.npmjs.org/jsprim 331ms (cache updated)
253 silly packumentCache full:https://registry.npmjs.org/jsprim set size:undefined disposed:false
254 silly fetch manifest side-channel@^1.0.6
255 silly packumentCache full:https://registry.npmjs.org/side-channel cache-miss
256 http fetch GET 200 https://registry.npmjs.org/assert-plus 326ms (cache updated)
257 silly packumentCache full:https://registry.npmjs.org/assert-plus set size:undefined disposed:false
258 silly fetch manifest tldts@^6.1.32
259 silly packumentCache full:https://registry.npmjs.org/tldts cache-miss
260 http fetch GET 200 https://registry.npmjs.org/mime-db 233ms (cache miss)
261 silly packumentCache full:https://registry.npmjs.org/mime-db set size:undefined disposed:false
262 http fetch GET 200 https://registry.npmjs.org/side-channel 426ms (cache updated)
263 silly packumentCache full:https://registry.npmjs.org/side-channel set size:undefined disposed:false
264 http fetch GET 200 https://registry.npmjs.org/tldts 811ms (cache updated)
265 silly packumentCache full:https://registry.npmjs.org/tldts set size:undefined disposed:false
266 silly fetch manifest request@^2.34
267 silly packumentCache full:https://registry.npmjs.org/request cache-miss
268 http fetch GET 200 https://registry.npmjs.org/request 307ms (cache miss)
269 silly packumentCache full:https://registry.npmjs.org/request set size:undefined disposed:false
270 silly placeDep ROOT request-promise-core@1.1.3 OK for: @cypress/request-promise@5.0.0 want: 1.1.3
271 silly placeDep ROOT request@2.88.2 OK for: request-promise-core@1.1.3 want: ^2.34
272 silly placeDep ROOT stealthy-require@1.1.1 OK for: @cypress/request-promise@5.0.0 want: ^1.1.1
273 silly placeDep node_modules/@cypress/request-promise tough-cookie@4.1.4 OK for: @cypress/request-promise@5.0.0 want: ^4.1.3
274 silly fetch manifest lodash@^4.17.15
275 silly packumentCache full:https://registry.npmjs.org/lodash cache-miss
276 silly fetch manifest qs@~6.5.2
277 silly packumentCache full:https://registry.npmjs.org/qs cache-miss
278 silly fetch manifest uuid@^3.3.2
279 silly packumentCache full:https://registry.npmjs.org/uuid cache-miss
280 http fetch GET 200 https://registry.npmjs.org/uuid 220ms (cache hit)
281 silly packumentCache full:https://registry.npmjs.org/uuid set size:210895 disposed:false
282 silly fetch manifest form-data@~2.3.2
283 silly packumentCache full:https://registry.npmjs.org/form-data cache-miss
284 http fetch GET 200 https://registry.npmjs.org/form-data 122ms (cache hit)
285 silly packumentCache full:https://registry.npmjs.org/form-data set size:130702 disposed:false
286 silly fetch manifest oauth-sign@~0.9.0
287 silly packumentCache full:https://registry.npmjs.org/oauth-sign cache-miss
288 http fetch GET 200 https://registry.npmjs.org/qs 400ms (cache hit)
289 silly packumentCache full:https://registry.npmjs.org/qs set size:264677 disposed:false
290 silly fetch manifest tough-cookie@~2.5.0
291 silly packumentCache full:https://registry.npmjs.org/tough-cookie cache-hit
292 silly fetch manifest har-validator@~5.1.3
293 silly packumentCache full:https://registry.npmjs.org/har-validator cache-miss
294 http fetch GET 200 https://registry.npmjs.org/lodash 461ms (cache updated)
295 silly packumentCache full:https://registry.npmjs.org/lodash set size:undefined disposed:false
296 silly fetch manifest http-signature@~1.2.0
297 silly packumentCache full:https://registry.npmjs.org/http-signature cache-miss
298 http fetch GET 200 https://registry.npmjs.org/http-signature 103ms (cache hit)
299 silly packumentCache full:https://registry.npmjs.org/http-signature set size:58629 disposed:false
300 silly fetch manifest psl@^1.1.33
301 silly packumentCache full:https://registry.npmjs.org/psl cache-miss
302 http fetch GET 200 https://registry.npmjs.org/oauth-sign 359ms (cache updated)
303 silly packumentCache full:https://registry.npmjs.org/oauth-sign set size:undefined disposed:false
304 silly fetch manifest punycode@^2.1.1
305 silly packumentCache full:https://registry.npmjs.org/punycode cache-miss
306 http fetch GET 200 https://registry.npmjs.org/har-validator 432ms (cache updated)
307 silly packumentCache full:https://registry.npmjs.org/har-validator set size:undefined disposed:false
308 silly fetch manifest url-parse@^1.5.3
309 silly packumentCache full:https://registry.npmjs.org/url-parse cache-miss
310 http fetch GET 200 https://registry.npmjs.org/psl 449ms (cache updated)
311 silly packumentCache full:https://registry.npmjs.org/psl set size:undefined disposed:false
312 silly fetch manifest universalify@^0.2.0
313 silly packumentCache full:https://registry.npmjs.org/universalify cache-miss
314 http fetch GET 200 https://registry.npmjs.org/url-parse 203ms (cache miss)
315 silly packumentCache full:https://registry.npmjs.org/url-parse set size:undefined disposed:false
316 http fetch GET 200 https://registry.npmjs.org/punycode 438ms (cache updated)
317 silly packumentCache full:https://registry.npmjs.org/punycode set size:undefined disposed:false
318 http fetch GET 200 https://registry.npmjs.org/universalify 325ms (cache updated)
319 silly packumentCache full:https://registry.npmjs.org/universalify set size:undefined disposed:false
320 silly placeDep ROOT call-bind@1.0.8 OK for: array.prototype.findindex@2.2.4 want: ^1.0.8
321 silly placeDep ROOT call-bound@1.0.3 OK for: array.prototype.findindex@2.2.4 want: ^1.0.3
322 silly placeDep ROOT define-properties@1.2.1 OK for: array.prototype.findindex@2.2.4 want: ^1.2.1
323 silly placeDep ROOT es-abstract@1.23.9 OK for: array.prototype.findindex@2.2.4 want: ^1.23.6
324 silly placeDep ROOT es-object-atoms@1.1.1 OK for: array.prototype.findindex@2.2.4 want: ^1.0.0
325 silly placeDep ROOT es-shim-unscopables@1.1.0 OK for: array.prototype.findindex@2.2.4 want: ^1.0.2
326 silly fetch manifest call-bind-apply-helpers@^1.0.0
327 silly packumentCache full:https://registry.npmjs.org/call-bind-apply-helpers cache-miss
328 silly fetch manifest es-define-property@^1.0.0
329 silly packumentCache full:https://registry.npmjs.org/es-define-property cache-miss
330 silly fetch manifest get-intrinsic@^1.2.4
331 silly packumentCache full:https://registry.npmjs.org/get-intrinsic cache-miss
332 http fetch GET 200 https://registry.npmjs.org/get-intrinsic 232ms (cache miss)
333 silly packumentCache full:https://registry.npmjs.org/get-intrinsic set size:undefined disposed:false
334 silly fetch manifest set-function-length@^1.2.2
335 silly packumentCache full:https://registry.npmjs.org/set-function-length cache-miss
336 http fetch GET 200 https://registry.npmjs.org/es-define-property 276ms (cache miss)
337 silly packumentCache full:https://registry.npmjs.org/es-define-property set size:undefined disposed:false
338 silly fetch manifest call-bind-apply-helpers@^1.0.1
339 silly packumentCache full:https://registry.npmjs.org/call-bind-apply-helpers cache-miss
340 http fetch GET 200 https://registry.npmjs.org/call-bind-apply-helpers 320ms (cache updated)
341 silly packumentCache full:https://registry.npmjs.org/call-bind-apply-helpers set size:undefined disposed:false
342 silly fetch manifest get-intrinsic@^1.2.6
343 silly packumentCache full:https://registry.npmjs.org/get-intrinsic cache-miss
344 http fetch GET 200 https://registry.npmjs.org/set-function-length 415ms (cache updated)
345 silly packumentCache full:https://registry.npmjs.org/set-function-length set size:undefined disposed:false
346 silly fetch manifest define-data-property@^1.0.1
347 silly packumentCache full:https://registry.npmjs.org/define-data-property cache-miss
348 http fetch GET 200 https://registry.npmjs.org/call-bind-apply-helpers 389ms (cache updated)
349 silly packumentCache full:https://registry.npmjs.org/call-bind-apply-helpers set size:undefined disposed:false
350 silly fetch manifest has-property-descriptors@^1.0.0
351 silly packumentCache full:https://registry.npmjs.org/has-property-descriptors cache-miss
352 http fetch GET 200 https://registry.npmjs.org/get-intrinsic 444ms (cache hit)
353 silly packumentCache full:https://registry.npmjs.org/get-intrinsic set size:54483 disposed:false
354 silly fetch manifest object-keys@^1.1.1
355 silly packumentCache full:https://registry.npmjs.org/object-keys cache-miss
356 http fetch GET 200 https://registry.npmjs.org/has-property-descriptors 186ms (cache updated)
357 silly packumentCache full:https://registry.npmjs.org/has-property-descriptors set size:undefined disposed:false
358 silly fetch manifest array-buffer-byte-length@^1.0.2
359 silly packumentCache full:https://registry.npmjs.org/array-buffer-byte-length cache-miss
360 http fetch GET 200 https://registry.npmjs.org/define-data-property 203ms (cache miss)
361 silly packumentCache full:https://registry.npmjs.org/define-data-property set size:undefined disposed:false
362 silly fetch manifest arraybuffer.prototype.slice@^1.0.4
363 silly packumentCache full:https://registry.npmjs.org/arraybuffer.prototype.slice cache-miss
364 http fetch GET 200 https://registry.npmjs.org/object-keys 250ms (cache miss)
365 silly packumentCache full:https://registry.npmjs.org/object-keys set size:undefined disposed:false
366 silly fetch manifest available-typed-arrays@^1.0.7
367 silly packumentCache full:https://registry.npmjs.org/available-typed-arrays cache-miss
368 http fetch GET 200 https://registry.npmjs.org/arraybuffer.prototype.slice 265ms (cache updated)
369 silly packumentCache full:https://registry.npmjs.org/arraybuffer.prototype.slice set size:undefined disposed:false
370 silly fetch manifest data-view-buffer@^1.0.2
371 silly packumentCache full:https://registry.npmjs.org/data-view-buffer cache-miss
372 http fetch GET 200 https://registry.npmjs.org/array-buffer-byte-length 308ms (cache updated)
373 silly packumentCache full:https://registry.npmjs.org/array-buffer-byte-length set size:undefined disposed:false
374 silly fetch manifest data-view-byte-length@^1.0.2
375 silly packumentCache full:https://registry.npmjs.org/data-view-byte-length cache-miss
376 http fetch GET 200 https://registry.npmjs.org/available-typed-arrays 266ms (cache updated)
377 silly packumentCache full:https://registry.npmjs.org/available-typed-arrays set size:undefined disposed:false
378 silly fetch manifest data-view-byte-offset@^1.0.1
379 silly packumentCache full:https://registry.npmjs.org/data-view-byte-offset cache-miss
380 http fetch GET 200 https://registry.npmjs.org/data-view-byte-length 155ms (cache miss)
381 silly packumentCache full:https://registry.npmjs.org/data-view-byte-length set size:undefined disposed:false
382 silly fetch manifest es-define-property@^1.0.1
383 silly packumentCache full:https://registry.npmjs.org/es-define-property cache-miss
384 http fetch GET 200 https://registry.npmjs.org/data-view-buffer 227ms (cache updated)
385 silly packumentCache full:https://registry.npmjs.org/data-view-buffer set size:undefined disposed:false
386 silly fetch manifest es-errors@^1.3.0
387 silly packumentCache full:https://registry.npmjs.org/es-errors cache-miss
388 http fetch GET 200 https://registry.npmjs.org/es-define-property 95ms (cache hit)
389 silly packumentCache full:https://registry.npmjs.org/es-define-property set size:8542 disposed:false
390 silly fetch manifest es-to-primitive@^1.3.0
391 silly packumentCache full:https://registry.npmjs.org/es-to-primitive cache-miss
392 http fetch GET 200 https://registry.npmjs.org/es-errors 143ms (cache miss)
393 silly packumentCache full:https://registry.npmjs.org/es-errors set size:undefined disposed:false
394 silly fetch manifest function.prototype.name@^1.1.8
395 silly packumentCache full:https://registry.npmjs.org/function.prototype.name cache-miss
396 http fetch GET 200 https://registry.npmjs.org/data-view-byte-offset 365ms (cache updated)
397 silly packumentCache full:https://registry.npmjs.org/data-view-byte-offset set size:undefined disposed:false
398 silly fetch manifest get-intrinsic@^1.2.7
399 silly packumentCache full:https://registry.npmjs.org/get-intrinsic cache-hit
400 silly fetch manifest get-proto@^1.0.0
401 silly packumentCache full:https://registry.npmjs.org/get-proto cache-miss
402 http fetch GET 200 https://registry.npmjs.org/es-to-primitive 235ms (cache updated)
403 silly packumentCache full:https://registry.npmjs.org/es-to-primitive set size:undefined disposed:false
404 silly fetch manifest get-symbol-description@^1.1.0
405 silly packumentCache full:https://registry.npmjs.org/get-symbol-description cache-miss
406 http fetch GET 200 https://registry.npmjs.org/get-proto 107ms (cache miss)
407 silly packumentCache full:https://registry.npmjs.org/get-proto set size:undefined disposed:false
408 silly fetch manifest globalthis@^1.0.4
409 silly packumentCache full:https://registry.npmjs.org/globalthis cache-miss
410 http fetch GET 200 https://registry.npmjs.org/function.prototype.name 251ms (cache updated)
411 silly packumentCache full:https://registry.npmjs.org/function.prototype.name set size:undefined disposed:false
412 silly fetch manifest gopd@^1.2.0
413 silly packumentCache full:https://registry.npmjs.org/gopd cache-miss
414 http fetch GET 200 https://registry.npmjs.org/get-symbol-description 156ms (cache miss)
415 silly packumentCache full:https://registry.npmjs.org/get-symbol-description set size:undefined disposed:false
416 silly fetch manifest has-property-descriptors@^1.0.2
417 silly packumentCache full:https://registry.npmjs.org/has-property-descriptors cache-miss
418 http fetch GET 200 https://registry.npmjs.org/globalthis 216ms (cache miss)
419 silly packumentCache full:https://registry.npmjs.org/globalthis set size:undefined disposed:false
420 silly fetch manifest has-proto@^1.2.0
421 silly packumentCache full:https://registry.npmjs.org/has-proto cache-miss
422 http fetch GET 200 https://registry.npmjs.org/has-property-descriptors 171ms (cache hit)
423 silly packumentCache full:https://registry.npmjs.org/has-property-descriptors set size:12452 disposed:false
424 silly fetch manifest has-symbols@^1.1.0
425 silly packumentCache full:https://registry.npmjs.org/has-symbols cache-miss
426 http fetch GET 200 https://registry.npmjs.org/gopd 305ms (cache updated)
427 silly packumentCache full:https://registry.npmjs.org/gopd set size:undefined disposed:false
428 silly fetch manifest hasown@^2.0.2
429 silly packumentCache full:https://registry.npmjs.org/hasown cache-miss
430 http fetch GET 200 https://registry.npmjs.org/has-symbols 156ms (cache miss)
431 silly packumentCache full:https://registry.npmjs.org/has-symbols set size:undefined disposed:false
432 silly fetch manifest internal-slot@^1.1.0
433 silly packumentCache full:https://registry.npmjs.org/internal-slot cache-miss
434 http fetch GET 200 https://registry.npmjs.org/has-proto 186ms (cache miss)
435 silly packumentCache full:https://registry.npmjs.org/has-proto set size:undefined disposed:false
436 silly fetch manifest is-array-buffer@^3.0.5
437 silly packumentCache full:https://registry.npmjs.org/is-array-buffer cache-miss
438 http fetch GET 200 https://registry.npmjs.org/hasown 224ms (cache miss)
439 silly packumentCache full:https://registry.npmjs.org/hasown set size:undefined disposed:false
440 silly fetch manifest is-callable@^1.2.7
441 silly packumentCache full:https://registry.npmjs.org/is-callable cache-miss
442 http fetch GET 200 https://registry.npmjs.org/internal-slot 247ms (cache updated)
443 silly packumentCache full:https://registry.npmjs.org/internal-slot set size:undefined disposed:false
444 silly fetch manifest is-data-view@^1.0.2
445 silly packumentCache full:https://registry.npmjs.org/is-data-view cache-miss
446 http fetch GET 200 https://registry.npmjs.org/is-array-buffer 266ms (cache updated)
447 silly packumentCache full:https://registry.npmjs.org/is-array-buffer set size:undefined disposed:false
448 silly fetch manifest is-regex@^1.2.1
449 silly packumentCache full:https://registry.npmjs.org/is-regex cache-miss
450 http fetch GET 200 https://registry.npmjs.org/is-callable 210ms (cache miss)
451 silly packumentCache full:https://registry.npmjs.org/is-callable set size:undefined disposed:false
452 silly fetch manifest is-shared-array-buffer@^1.0.4
453 silly packumentCache full:https://registry.npmjs.org/is-shared-array-buffer cache-miss
454 http fetch GET 200 https://registry.npmjs.org/is-data-view 284ms (cache updated)
455 silly packumentCache full:https://registry.npmjs.org/is-data-view set size:undefined disposed:false
456 silly fetch manifest is-string@^1.1.1
457 silly packumentCache full:https://registry.npmjs.org/is-string cache-miss
458 http fetch GET 200 https://registry.npmjs.org/is-regex 308ms (cache updated)
459 silly packumentCache full:https://registry.npmjs.org/is-regex set size:undefined disposed:false
460 silly fetch manifest is-typed-array@^1.1.15
461 silly packumentCache full:https://registry.npmjs.org/is-typed-array cache-miss
462 http fetch GET 200 https://registry.npmjs.org/is-shared-array-buffer 289ms (cache updated)
463 silly packumentCache full:https://registry.npmjs.org/is-shared-array-buffer set size:undefined disposed:false
464 silly fetch manifest is-weakref@^1.1.0
465 silly packumentCache full:https://registry.npmjs.org/is-weakref cache-miss
466 http fetch GET 200 https://registry.npmjs.org/is-string 222ms (cache updated)
467 silly packumentCache full:https://registry.npmjs.org/is-string set size:undefined disposed:false
468 silly fetch manifest math-intrinsics@^1.1.0
469 silly packumentCache full:https://registry.npmjs.org/math-intrinsics cache-miss
470 http fetch GET 200 https://registry.npmjs.org/is-weakref 355ms (cache updated)
471 silly packumentCache full:https://registry.npmjs.org/is-weakref set size:undefined disposed:false
472 silly fetch manifest object-inspect@^1.13.3
473 silly packumentCache full:https://registry.npmjs.org/object-inspect cache-miss
474 http fetch GET 200 https://registry.npmjs.org/is-typed-array 398ms (cache updated)
475 silly packumentCache full:https://registry.npmjs.org/is-typed-array set size:undefined disposed:false
476 silly fetch manifest object.assign@^4.1.7
477 silly packumentCache full:https://registry.npmjs.org/object.assign cache-miss
478 http fetch GET 200 https://registry.npmjs.org/math-intrinsics 405ms (cache updated)
479 silly packumentCache full:https://registry.npmjs.org/math-intrinsics set size:undefined disposed:false
480 silly fetch manifest own-keys@^1.0.1
481 silly packumentCache full:https://registry.npmjs.org/own-keys cache-miss
482 http fetch GET 200 https://registry.npmjs.org/object.assign 297ms (cache updated)
483 silly packumentCache full:https://registry.npmjs.org/object.assign set size:undefined disposed:false
484 silly fetch manifest regexp.prototype.flags@^1.5.3
485 silly packumentCache full:https://registry.npmjs.org/regexp.prototype.flags cache-miss
486 http fetch GET 200 https://registry.npmjs.org/object-inspect 353ms (cache updated)
487 silly packumentCache full:https://registry.npmjs.org/object-inspect set size:undefined disposed:false
488 silly fetch manifest safe-array-concat@^1.1.3
489 silly packumentCache full:https://registry.npmjs.org/safe-array-concat cache-miss
490 http fetch GET 200 https://registry.npmjs.org/regexp.prototype.flags 329ms (cache miss)
491 silly packumentCache full:https://registry.npmjs.org/regexp.prototype.flags set size:undefined disposed:false
492 silly fetch manifest safe-push-apply@^1.0.0
493 silly packumentCache full:https://registry.npmjs.org/safe-push-apply cache-miss
494 http fetch GET 200 https://registry.npmjs.org/own-keys 515ms (cache updated)
495 silly packumentCache full:https://registry.npmjs.org/own-keys set size:undefined disposed:false
496 silly fetch manifest safe-regex-test@^1.1.0
497 silly packumentCache full:https://registry.npmjs.org/safe-regex-test cache-miss
498 http fetch GET 200 https://registry.npmjs.org/safe-array-concat 344ms (cache updated)
499 silly packumentCache full:https://registry.npmjs.org/safe-array-concat set size:undefined disposed:false
500 silly fetch manifest set-proto@^1.0.0
501 silly packumentCache full:https://registry.npmjs.org/set-proto cache-miss
502 http fetch GET 200 https://registry.npmjs.org/safe-push-apply 200ms (cache miss)
503 silly packumentCache full:https://registry.npmjs.org/safe-push-apply set size:undefined disposed:false
504 silly fetch manifest string.prototype.trim@^1.2.10
505 silly packumentCache full:https://registry.npmjs.org/string.prototype.trim cache-miss
506 http fetch GET 200 https://registry.npmjs.org/safe-regex-test 270ms (cache updated)
507 silly packumentCache full:https://registry.npmjs.org/safe-regex-test set size:undefined disposed:false
508 silly fetch manifest string.prototype.trimend@^1.0.9
509 silly packumentCache full:https://registry.npmjs.org/string.prototype.trimend cache-miss
510 http fetch GET 200 https://registry.npmjs.org/set-proto 261ms (cache updated)
511 silly packumentCache full:https://registry.npmjs.org/set-proto set size:undefined disposed:false
512 silly fetch manifest string.prototype.trimstart@^1.0.8
513 silly packumentCache full:https://registry.npmjs.org/string.prototype.trimstart cache-miss
514 http fetch GET 200 https://registry.npmjs.org/string.prototype.trim 323ms (cache miss)
515 silly packumentCache full:https://registry.npmjs.org/string.prototype.trim set size:undefined disposed:false
516 silly fetch manifest typed-array-buffer@^1.0.3
517 silly packumentCache full:https://registry.npmjs.org/typed-array-buffer cache-miss
518 http fetch GET 200 https://registry.npmjs.org/string.prototype.trimstart 384ms (cache updated)
519 silly packumentCache full:https://registry.npmjs.org/string.prototype.trimstart set size:undefined disposed:false
520 silly fetch manifest typed-array-byte-length@^1.0.3
521 silly packumentCache full:https://registry.npmjs.org/typed-array-byte-length cache-miss
522 http fetch GET 200 https://registry.npmjs.org/string.prototype.trimend 417ms (cache updated)
523 silly packumentCache full:https://registry.npmjs.org/string.prototype.trimend set size:undefined disposed:false
524 silly fetch manifest typed-array-byte-offset@^1.0.4
525 silly packumentCache full:https://registry.npmjs.org/typed-array-byte-offset cache-miss
526 http fetch GET 200 https://registry.npmjs.org/typed-array-buffer 252ms (cache updated)
527 silly packumentCache full:https://registry.npmjs.org/typed-array-buffer set size:undefined disposed:false
528 silly fetch manifest typed-array-length@^1.0.7
529 silly packumentCache full:https://registry.npmjs.org/typed-array-length cache-miss
530 http fetch GET 200 https://registry.npmjs.org/typed-array-byte-offset 196ms (cache miss)
531 silly packumentCache full:https://registry.npmjs.org/typed-array-byte-offset set size:undefined disposed:false
532 silly fetch manifest unbox-primitive@^1.1.0
533 silly packumentCache full:https://registry.npmjs.org/unbox-primitive cache-miss
534 http fetch GET 200 https://registry.npmjs.org/typed-array-byte-length 237ms (cache updated)
535 silly packumentCache full:https://registry.npmjs.org/typed-array-byte-length set size:undefined disposed:false
536 silly fetch manifest which-typed-array@^1.1.18
537 silly packumentCache full:https://registry.npmjs.org/which-typed-array cache-miss
538 http fetch GET 200 https://registry.npmjs.org/typed-array-length 233ms (cache updated)
539 silly packumentCache full:https://registry.npmjs.org/typed-array-length set size:undefined disposed:false
540 http fetch GET 200 https://registry.npmjs.org/unbox-primitive 281ms (cache miss)
541 silly packumentCache full:https://registry.npmjs.org/unbox-primitive set size:undefined disposed:false
542 http fetch GET 200 https://registry.npmjs.org/which-typed-array 374ms (cache updated)
543 silly packumentCache full:https://registry.npmjs.org/which-typed-array set size:undefined disposed:false
544 silly placeDep ROOT readable-stream@2.3.8 OK for: bl@1.2.3 want: ^2.3.5
545 silly fetch manifest isarray@~1.0.0
546 silly packumentCache full:https://registry.npmjs.org/isarray cache-miss
547 silly fetch manifest inherits@~2.0.3
548 silly packumentCache full:https://registry.npmjs.org/inherits cache-miss
549 silly fetch manifest safe-buffer@~5.1.1
550 silly packumentCache full:https://registry.npmjs.org/safe-buffer cache-hit
551 silly fetch manifest core-util-is@~1.0.0
552 silly packumentCache full:https://registry.npmjs.org/core-util-is cache-miss
553 http fetch GET 200 https://registry.npmjs.org/core-util-is 175ms (cache miss)
554 silly packumentCache full:https://registry.npmjs.org/core-util-is set size:undefined disposed:false
555 silly fetch manifest string_decoder@~1.1.1
556 silly packumentCache full:https://registry.npmjs.org/string_decoder cache-miss
557 http fetch GET 200 https://registry.npmjs.org/inherits 204ms (cache miss)
558 silly packumentCache full:https://registry.npmjs.org/inherits set size:undefined disposed:false
559 silly fetch manifest util-deprecate@~1.0.1
560 silly packumentCache full:https://registry.npmjs.org/util-deprecate cache-miss
561 http fetch GET 200 https://registry.npmjs.org/isarray 316ms (cache updated)
562 silly packumentCache full:https://registry.npmjs.org/isarray set size:undefined disposed:false
563 silly fetch manifest process-nextick-args@~2.0.0
564 silly packumentCache full:https://registry.npmjs.org/process-nextick-args cache-miss
565 http fetch GET 200 https://registry.npmjs.org/process-nextick-args 248ms (cache updated)
566 silly packumentCache full:https://registry.npmjs.org/process-nextick-args set size:undefined disposed:false
567 http fetch GET 200 https://registry.npmjs.org/string_decoder 378ms (cache updated)
568 silly packumentCache full:https://registry.npmjs.org/string_decoder set size:undefined disposed:false
569 http fetch GET 200 https://registry.npmjs.org/util-deprecate 370ms (cache updated)
570 silly packumentCache full:https://registry.npmjs.org/util-deprecate set size:undefined disposed:false
571 silly placeDep ROOT call-bind-apply-helpers@1.0.2 OK for: call-bind@1.0.8 want: ^1.0.0
572 silly placeDep ROOT es-define-property@1.0.1 OK for: call-bind@1.0.8 want: ^1.0.0
573 silly placeDep ROOT get-intrinsic@1.2.7 OK for: call-bind@1.0.8 want: ^1.2.4
574 silly placeDep ROOT set-function-length@1.2.2 OK for: call-bind@1.0.8 want: ^1.2.2
575 silly fetch manifest function-bind@^1.1.2
576 silly packumentCache full:https://registry.npmjs.org/function-bind cache-miss
577 silly fetch manifest function-bind@^1.1.2
578 silly packumentCache full:https://registry.npmjs.org/function-bind cache-miss
579 silly fetch manifest define-data-property@^1.1.4
580 silly packumentCache full:https://registry.npmjs.org/define-data-property cache-miss
581 http fetch GET 200 https://registry.npmjs.org/define-data-property 124ms (cache hit)
582 silly packumentCache full:https://registry.npmjs.org/define-data-property set size:28048 disposed:false
583 silly fetch manifest function-bind@^1.1.2
584 silly packumentCache full:https://registry.npmjs.org/function-bind cache-miss
585 http fetch GET 200 https://registry.npmjs.org/function-bind 340ms (cache updated)
586 silly packumentCache full:https://registry.npmjs.org/function-bind set size:undefined disposed:false
587 silly fetch manifest gopd@^1.0.1
588 silly packumentCache full:https://registry.npmjs.org/gopd cache-miss
589 http fetch GET 200 https://registry.npmjs.org/function-bind 348ms (cache updated)
590 silly packumentCache full:https://registry.npmjs.org/function-bind set size:undefined disposed:false
591 http fetch GET 200 https://registry.npmjs.org/function-bind 288ms (cache updated)
592 silly packumentCache full:https://registry.npmjs.org/function-bind set size:undefined disposed:false
593 http fetch GET 200 https://registry.npmjs.org/gopd 152ms (cache hit)
594 silly packumentCache full:https://registry.npmjs.org/gopd set size:11458 disposed:false
595 silly placeDep ROOT es-errors@1.3.0 OK for: call-bind-apply-helpers@1.0.2 want: ^1.3.0
596 silly placeDep ROOT function-bind@1.1.2 OK for: call-bind-apply-helpers@1.0.2 want: ^1.1.2
597 silly placeDep ROOT delayed-stream@1.0.0 OK for: combined-stream@1.0.8 want: ~1.0.0
598 silly placeDep ROOT define-data-property@1.1.4 OK for: define-properties@1.2.1 want: ^1.0.1
599 silly placeDep ROOT has-property-descriptors@1.0.2 OK for: define-properties@1.2.1 want: ^1.0.0
600 silly placeDep ROOT object-keys@1.1.1 OK for: define-properties@1.2.1 want: ^1.1.1
601 silly placeDep ROOT gopd@1.2.0 OK for: define-data-property@1.1.4 want: ^1.0.1
602 silly placeDep ROOT array-buffer-byte-length@1.0.2 OK for: es-abstract@1.23.9 want: ^1.0.2
603 silly placeDep ROOT arraybuffer.prototype.slice@1.0.4 OK for: es-abstract@1.23.9 want: ^1.0.4
604 silly placeDep ROOT available-typed-arrays@1.0.7 OK for: es-abstract@1.23.9 want: ^1.0.7
605 silly placeDep ROOT data-view-buffer@1.0.2 OK for: es-abstract@1.23.9 want: ^1.0.2
606 silly placeDep ROOT data-view-byte-length@1.0.2 OK for: es-abstract@1.23.9 want: ^1.0.2
607 silly placeDep ROOT data-view-byte-offset@1.0.1 OK for: es-abstract@1.23.9 want: ^1.0.1
608 silly placeDep ROOT es-set-tostringtag@2.1.0 OK for: es-abstract@1.23.9 want: ^2.1.0
609 silly placeDep ROOT es-to-primitive@1.3.0 OK for: es-abstract@1.23.9 want: ^1.3.0
610 silly placeDep ROOT function.prototype.name@1.1.8 OK for: es-abstract@1.23.9 want: ^1.1.8
611 silly placeDep ROOT get-proto@1.0.1 OK for: es-abstract@1.23.9 want: ^1.0.0
612 silly placeDep ROOT get-symbol-description@1.1.0 OK for: es-abstract@1.23.9 want: ^1.1.0
613 silly placeDep ROOT globalthis@1.0.4 OK for: es-abstract@1.23.9 want: ^1.0.4
614 silly placeDep ROOT has-proto@1.2.0 OK for: es-abstract@1.23.9 want: ^1.2.0
615 silly placeDep ROOT has-symbols@1.1.0 OK for: es-abstract@1.23.9 want: ^1.1.0
616 silly placeDep ROOT hasown@2.0.2 OK for: es-abstract@1.23.9 want: ^2.0.2
617 silly placeDep ROOT internal-slot@1.1.0 OK for: es-abstract@1.23.9 want: ^1.1.0
618 silly placeDep ROOT is-array-buffer@3.0.5 OK for: es-abstract@1.23.9 want: ^3.0.5
619 silly placeDep ROOT is-callable@1.2.7 OK for: es-abstract@1.23.9 want: ^1.2.7
620 silly placeDep ROOT is-data-view@1.0.2 OK for: es-abstract@1.23.9 want: ^1.0.2
621 silly placeDep ROOT is-regex@1.2.1 OK for: es-abstract@1.23.9 want: ^1.2.1
622 silly placeDep ROOT is-shared-array-buffer@1.0.4 OK for: es-abstract@1.23.9 want: ^1.0.4
623 silly placeDep ROOT is-string@1.1.1 OK for: es-abstract@1.23.9 want: ^1.1.1
624 silly placeDep ROOT is-typed-array@1.1.15 OK for: es-abstract@1.23.9 want: ^1.1.15
625 silly placeDep ROOT is-weakref@1.1.1 OK for: es-abstract@1.23.9 want: ^1.1.0
626 silly placeDep ROOT math-intrinsics@1.1.0 OK for: es-abstract@1.23.9 want: ^1.1.0
627 silly placeDep ROOT object-inspect@1.13.4 OK for: es-abstract@1.23.9 want: ^1.13.3
628 silly placeDep ROOT object.assign@4.1.7 OK for: es-abstract@1.23.9 want: ^4.1.7
629 silly placeDep ROOT own-keys@1.0.1 OK for: es-abstract@1.23.9 want: ^1.0.1
630 silly placeDep ROOT regexp.prototype.flags@1.5.4 OK for: es-abstract@1.23.9 want: ^1.5.3
631 silly placeDep ROOT safe-array-concat@1.1.3 OK for: es-abstract@1.23.9 want: ^1.1.3
632 silly placeDep ROOT safe-push-apply@1.0.0 OK for: es-abstract@1.23.9 want: ^1.0.0
633 silly placeDep ROOT safe-regex-test@1.1.0 OK for: es-abstract@1.23.9 want: ^1.1.0
634 silly placeDep ROOT set-proto@1.0.0 OK for: es-abstract@1.23.9 want: ^1.0.0
635 silly placeDep ROOT string.prototype.trim@1.2.10 OK for: es-abstract@1.23.9 want: ^1.2.10
636 silly placeDep ROOT string.prototype.trimend@1.0.9 OK for: es-abstract@1.23.9 want: ^1.0.9
637 silly placeDep ROOT string.prototype.trimstart@1.0.8 OK for: es-abstract@1.23.9 want: ^1.0.8
638 silly placeDep ROOT typed-array-buffer@1.0.3 OK for: es-abstract@1.23.9 want: ^1.0.3
639 silly placeDep ROOT typed-array-byte-length@1.0.3 OK for: es-abstract@1.23.9 want: ^1.0.3
640 silly placeDep ROOT typed-array-byte-offset@1.0.4 OK for: es-abstract@1.23.9 want: ^1.0.4
641 silly placeDep ROOT typed-array-length@1.0.7 OK for: es-abstract@1.23.9 want: ^1.0.7
642 silly placeDep ROOT unbox-primitive@1.1.0 OK for: es-abstract@1.23.9 want: ^1.1.0
643 silly placeDep ROOT which-typed-array@1.1.18 OK for: es-abstract@1.23.9 want: ^1.1.18
644 silly fetch manifest is-array-buffer@^3.0.4
645 silly packumentCache full:https://registry.npmjs.org/is-array-buffer cache-miss
646 silly fetch manifest possible-typed-array-names@^1.0.0
647 silly packumentCache full:https://registry.npmjs.org/possible-typed-array-names cache-miss
648 silly fetch manifest is-data-view@^1.0.1
649 silly packumentCache full:https://registry.npmjs.org/is-data-view cache-miss
650 http fetch GET 200 https://registry.npmjs.org/is-data-view 237ms (cache hit)
651 silly packumentCache full:https://registry.npmjs.org/is-data-view set size:13756 disposed:false
652 silly fetch manifest has-tostringtag@^1.0.2
653 silly packumentCache full:https://registry.npmjs.org/has-tostringtag cache-miss
654 http fetch GET 200 https://registry.npmjs.org/is-array-buffer 267ms (cache hit)
655 silly packumentCache full:https://registry.npmjs.org/is-array-buffer set size:33562 disposed:false
656 silly fetch manifest is-date-object@^1.0.5
657 silly packumentCache full:https://registry.npmjs.org/is-date-object cache-miss
658 http fetch GET 200 https://registry.npmjs.org/possible-typed-array-names 341ms (cache updated)
659 silly packumentCache full:https://registry.npmjs.org/possible-typed-array-names set size:undefined disposed:false
660 silly fetch manifest is-symbol@^1.0.4
661 silly packumentCache full:https://registry.npmjs.org/is-symbol cache-miss
662 http fetch GET 200 https://registry.npmjs.org/is-date-object 210ms (cache miss)
663 silly packumentCache full:https://registry.npmjs.org/is-date-object set size:undefined disposed:false
664 silly fetch manifest functions-have-names@^1.2.3
665 silly packumentCache full:https://registry.npmjs.org/functions-have-names cache-miss
666 http fetch GET 200 https://registry.npmjs.org/has-tostringtag 303ms (cache updated)
667 silly packumentCache full:https://registry.npmjs.org/has-tostringtag set size:undefined disposed:false
668 silly fetch manifest dunder-proto@^1.0.1
669 silly packumentCache full:https://registry.npmjs.org/dunder-proto cache-miss
670 http fetch GET 200 https://registry.npmjs.org/is-symbol 335ms (cache updated)
671 silly packumentCache full:https://registry.npmjs.org/is-symbol set size:undefined disposed:false
672 silly fetch manifest dunder-proto@^1.0.0
673 silly packumentCache full:https://registry.npmjs.org/dunder-proto cache-miss
674 http fetch GET 200 https://registry.npmjs.org/functions-have-names 256ms (cache miss)
675 silly packumentCache full:https://registry.npmjs.org/functions-have-names set size:undefined disposed:false
676 silly fetch manifest side-channel@^1.1.0
677 silly packumentCache full:https://registry.npmjs.org/side-channel cache-miss
678 http fetch GET 200 https://registry.npmjs.org/side-channel 222ms (cache hit)
679 silly packumentCache full:https://registry.npmjs.org/side-channel set size:24660 disposed:false
680 silly fetch manifest is-typed-array@^1.1.13
681 silly packumentCache full:https://registry.npmjs.org/is-typed-array cache-miss
682 http fetch GET 200 https://registry.npmjs.org/dunder-proto 447ms (cache updated)
683 silly packumentCache full:https://registry.npmjs.org/dunder-proto set size:undefined disposed:false
684 silly fetch manifest which-typed-array@^1.1.16
685 silly packumentCache full:https://registry.npmjs.org/which-typed-array cache-miss
686 http fetch GET 200 https://registry.npmjs.org/dunder-proto 334ms (cache updated)
687 silly packumentCache full:https://registry.npmjs.org/dunder-proto set size:undefined disposed:false
688 silly fetch manifest set-function-name@^2.0.2
689 silly packumentCache full:https://registry.npmjs.org/set-function-name cache-miss
690 http fetch GET 200 https://registry.npmjs.org/is-typed-array 349ms (cache hit)
691 silly packumentCache full:https://registry.npmjs.org/is-typed-array set size:79965 disposed:false
692 silly fetch manifest isarray@^2.0.5
693 silly packumentCache full:https://registry.npmjs.org/isarray cache-miss
694 http fetch GET 200 https://registry.npmjs.org/which-typed-array 337ms (cache hit)
695 silly packumentCache full:https://registry.npmjs.org/which-typed-array set size:85757 disposed:false
696 silly fetch manifest isarray@^2.0.5
697 silly packumentCache full:https://registry.npmjs.org/isarray cache-miss
698 http fetch GET 200 https://registry.npmjs.org/set-function-name 371ms (cache miss)
699 silly packumentCache full:https://registry.npmjs.org/set-function-name set size:undefined disposed:false
700 silly fetch manifest for-each@^0.3.3
701 silly packumentCache full:https://registry.npmjs.org/for-each cache-miss
702 http fetch GET 200 https://registry.npmjs.org/isarray 122ms (cache hit)
703 silly packumentCache full:https://registry.npmjs.org/isarray set size:17392 disposed:false
704 silly fetch manifest for-each@^0.3.3
705 silly packumentCache full:https://registry.npmjs.org/for-each cache-miss
706 http fetch GET 200 https://registry.npmjs.org/isarray 144ms (cache hit)
707 silly packumentCache full:https://registry.npmjs.org/isarray set size:17392 disposed:false
708 silly packumentCache full:https://registry.npmjs.org/isarray dispose
709 silly fetch manifest reflect.getprototypeof@^1.0.9
710 silly packumentCache full:https://registry.npmjs.org/reflect.getprototypeof cache-miss
711 http fetch GET 200 https://registry.npmjs.org/for-each 322ms (cache updated)
712 silly packumentCache full:https://registry.npmjs.org/for-each set size:undefined disposed:false
713 silly fetch manifest reflect.getprototypeof@^1.0.6
714 silly packumentCache full:https://registry.npmjs.org/reflect.getprototypeof cache-miss
715 http fetch GET 200 https://registry.npmjs.org/for-each 263ms (cache miss)
716 silly packumentCache full:https://registry.npmjs.org/for-each set size:undefined disposed:false
717 silly fetch manifest has-bigints@^1.0.2
718 silly packumentCache full:https://registry.npmjs.org/has-bigints cache-miss
719 http fetch GET 200 https://registry.npmjs.org/reflect.getprototypeof 285ms (cache miss)
720 silly packumentCache full:https://registry.npmjs.org/reflect.getprototypeof set size:undefined disposed:false
721 silly fetch manifest which-boxed-primitive@^1.1.1
722 silly packumentCache full:https://registry.npmjs.org/which-boxed-primitive cache-miss
723 http fetch GET 200 https://registry.npmjs.org/reflect.getprototypeof 301ms (cache miss)
724 silly packumentCache full:https://registry.npmjs.org/reflect.getprototypeof set size:undefined disposed:false
725 http fetch GET 200 https://registry.npmjs.org/which-boxed-primitive 401ms (cache updated)
726 silly packumentCache full:https://registry.npmjs.org/which-boxed-primitive set size:undefined disposed:false
727 http fetch GET 200 https://registry.npmjs.org/has-bigints 463ms (cache updated)
728 silly packumentCache full:https://registry.npmjs.org/has-bigints set size:undefined disposed:false
729 silly placeDep ROOT possible-typed-array-names@1.1.0 OK for: available-typed-arrays@1.0.7 want: ^1.0.0
730 silly placeDep ROOT has-tostringtag@1.0.2 OK for: es-set-tostringtag@2.1.0 want: ^1.0.2
731 silly placeDep ROOT is-date-object@1.1.0 OK for: es-to-primitive@1.3.0 want: ^1.0.5
732 silly placeDep ROOT is-symbol@1.1.1 OK for: es-to-primitive@1.3.0 want: ^1.0.4
733 silly placeDep ROOT asynckit@0.4.0 OK for: form-data@4.0.2 want: ^0.4.0
734 silly placeDep ROOT functions-have-names@1.2.3 OK for: function.prototype.name@1.1.8 want: ^1.2.3
735 silly placeDep ROOT dunder-proto@1.0.1 OK for: get-proto@1.0.1 want: ^1.0.1
736 silly placeDep ROOT assert-plus@1.0.0 OK for: http-signature@1.4.0 want: ^1.0.0
737 silly placeDep ROOT jsprim@2.0.2 OK for: http-signature@1.4.0 want: ^2.0.2
738 silly placeDep ROOT sshpk@1.18.0 OK for: http-signature@1.4.0 want: ^1.18.0
739 silly fetch manifest verror@1.10.0
740 silly packumentCache full:https://registry.npmjs.org/verror cache-miss
741 silly fetch manifest extsprintf@1.3.0
742 silly packumentCache full:https://registry.npmjs.org/extsprintf cache-miss
743 silly fetch manifest json-schema@0.4.0
744 silly packumentCache full:https://registry.npmjs.org/json-schema cache-miss
745 http fetch GET 200 https://registry.npmjs.org/extsprintf 257ms (cache miss)
746 silly packumentCache full:https://registry.npmjs.org/extsprintf set size:undefined disposed:false
747 silly fetch manifest asn1@~0.2.3
748 silly packumentCache full:https://registry.npmjs.org/asn1 cache-miss
749 http fetch GET 200 https://registry.npmjs.org/verror 310ms (cache updated)
750 silly packumentCache full:https://registry.npmjs.org/verror set size:undefined disposed:false
751 silly fetch manifest jsbn@~0.1.0
752 silly packumentCache full:https://registry.npmjs.org/jsbn cache-miss
753 http fetch GET 200 https://registry.npmjs.org/json-schema 351ms (cache updated)
754 silly packumentCache full:https://registry.npmjs.org/json-schema set size:undefined disposed:false
755 silly fetch manifest getpass@^0.1.1
756 silly packumentCache full:https://registry.npmjs.org/getpass cache-miss
757 http fetch GET 200 https://registry.npmjs.org/jsbn 220ms (cache hit)
758 silly packumentCache full:https://registry.npmjs.org/jsbn set size:8169 disposed:false
759 silly fetch manifest dashdash@^1.12.0
760 silly packumentCache full:https://registry.npmjs.org/dashdash cache-miss
761 http fetch GET 200 https://registry.npmjs.org/asn1 411ms (cache updated)
762 silly packumentCache full:https://registry.npmjs.org/asn1 set size:undefined disposed:false
763 silly fetch manifest ecc-jsbn@~0.1.1
764 silly packumentCache full:https://registry.npmjs.org/ecc-jsbn cache-miss
765 http fetch GET 200 https://registry.npmjs.org/getpass 337ms (cache updated)
766 silly packumentCache full:https://registry.npmjs.org/getpass set size:undefined disposed:false
767 silly fetch manifest tweetnacl@~0.14.0
768 silly packumentCache full:https://registry.npmjs.org/tweetnacl cache-miss
769 http fetch GET 200 https://registry.npmjs.org/dashdash 430ms (cache updated)
770 silly packumentCache full:https://registry.npmjs.org/dashdash set size:undefined disposed:false
771 silly fetch manifest bcrypt-pbkdf@^1.0.0
772 silly packumentCache full:https://registry.npmjs.org/bcrypt-pbkdf cache-miss
773 http fetch GET 200 https://registry.npmjs.org/ecc-jsbn 396ms (cache miss)
774 silly packumentCache full:https://registry.npmjs.org/ecc-jsbn set size:undefined disposed:false
775 silly fetch manifest safer-buffer@^2.0.2
776 silly packumentCache full:https://registry.npmjs.org/safer-buffer cache-miss
777 http fetch GET 200 https://registry.npmjs.org/tweetnacl 450ms (cache updated)
778 silly packumentCache full:https://registry.npmjs.org/tweetnacl set size:undefined disposed:false
779 http fetch GET 200 https://registry.npmjs.org/safer-buffer 340ms (cache updated)
780 silly packumentCache full:https://registry.npmjs.org/safer-buffer set size:undefined disposed:false
781 http fetch GET 200 https://registry.npmjs.org/bcrypt-pbkdf 391ms (cache updated)
782 silly packumentCache full:https://registry.npmjs.org/bcrypt-pbkdf set size:undefined disposed:false
783 silly placeDep ROOT side-channel@1.1.0 OK for: internal-slot@1.1.0 want: ^1.1.0
784 silly fetch manifest side-channel-list@^1.0.0
785 silly packumentCache full:https://registry.npmjs.org/side-channel-list cache-miss
786 silly fetch manifest side-channel-map@^1.0.1
787 silly packumentCache full:https://registry.npmjs.org/side-channel-map cache-miss
788 silly fetch manifest side-channel-weakmap@^1.0.2
789 silly packumentCache full:https://registry.npmjs.org/side-channel-weakmap cache-miss
790 http fetch GET 200 https://registry.npmjs.org/side-channel-list 243ms (cache miss)
791 silly packumentCache full:https://registry.npmjs.org/side-channel-list set size:undefined disposed:false
792 http fetch GET 200 https://registry.npmjs.org/side-channel-weakmap 368ms (cache updated)
793 silly packumentCache full:https://registry.npmjs.org/side-channel-weakmap set size:undefined disposed:false
794 http fetch GET 200 https://registry.npmjs.org/side-channel-map 398ms (cache updated)
795 silly packumentCache full:https://registry.npmjs.org/side-channel-map set size:undefined disposed:false
796 silly placeDep ROOT extsprintf@1.3.0 OK for: jsprim@2.0.2 want: 1.3.0
797 silly placeDep ROOT json-schema@0.4.0 OK for: jsprim@2.0.2 want: 0.4.0
798 silly placeDep ROOT verror@1.10.0 OK for: jsprim@2.0.2 want: 1.10.0
799 silly fetch manifest core-util-is@1.0.2
800 silly packumentCache full:https://registry.npmjs.org/core-util-is cache-miss
801 http fetch GET 200 https://registry.npmjs.org/core-util-is 79ms (cache hit)
802 silly packumentCache full:https://registry.npmjs.org/core-util-is set size:7163 disposed:false
803 silly placeDep ROOT mime-db@1.52.0 OK for: mime-types@2.1.35 want: 1.52.0
804 silly placeDep ROOT end-of-stream@1.4.4 OK for: pump@2.0.1 want: ^1.1.0
805 silly placeDep ROOT once@1.4.0 OK for: pump@2.0.1 want: ^1.3.1
806 silly fetch manifest once@^1.4.0
807 silly packumentCache full:https://registry.npmjs.org/once cache-miss
808 silly fetch manifest wrappy@1
809 silly packumentCache full:https://registry.npmjs.org/wrappy cache-miss
810 http fetch GET 200 https://registry.npmjs.org/once 105ms (cache hit)
811 silly packumentCache full:https://registry.npmjs.org/once set size:11768 disposed:false
812 http fetch GET 200 https://registry.npmjs.org/wrappy 258ms (cache updated)
813 silly packumentCache full:https://registry.npmjs.org/wrappy set size:undefined disposed:false
814 silly placeDep ROOT wrappy@1.0.2 OK for: once@1.4.0 want: 1
815 silly placeDep ROOT core-util-is@1.0.3 OK for: readable-stream@2.3.8 want: ~1.0.0
816 silly placeDep ROOT inherits@2.0.4 OK for: readable-stream@2.3.8 want: ~2.0.3
817 silly placeDep ROOT isarray@1.0.0 OK for: readable-stream@2.3.8 want: ~1.0.0
818 silly placeDep ROOT process-nextick-args@2.0.1 OK for: readable-stream@2.3.8 want: ~2.0.0
819 silly placeDep node_modules/readable-stream safe-buffer@5.1.2 OK for: readable-stream@2.3.8 want: ~5.1.1
820 silly placeDep ROOT string_decoder@1.1.1 OK for: readable-stream@2.3.8 want: ~1.1.1
821 silly placeDep ROOT util-deprecate@1.0.2 OK for: readable-stream@2.3.8 want: ~1.0.1
822 silly fetch manifest safe-buffer@~5.1.0
823 silly packumentCache full:https://registry.npmjs.org/safe-buffer cache-hit
824 silly placeDep ROOT set-function-name@2.0.2 OK for: regexp.prototype.flags@1.5.4 want: ^2.0.2
825 silly placeDep node_modules/request form-data@2.3.3 OK for: request@2.88.2 want: ~2.3.2
826 silly placeDep ROOT har-validator@5.1.5 OK for: request@2.88.2 want: ~5.1.3
827 silly placeDep node_modules/request http-signature@1.2.0 OK for: request@2.88.2 want: ~1.2.0
828 silly placeDep ROOT oauth-sign@0.9.0 OK for: request@2.88.2 want: ~0.9.0
829 silly placeDep node_modules/request qs@6.5.3 OK for: request@2.88.2 want: ~6.5.2
830 silly placeDep node_modules/request tough-cookie@2.5.0 OK for: request@2.88.2 want: ~2.5.0
831 silly placeDep node_modules/request uuid@3.4.0 OK for: request@2.88.2 want: ^3.3.2
832 silly fetch manifest ajv@^6.12.3
833 silly packumentCache full:https://registry.npmjs.org/ajv cache-miss
834 silly fetch manifest har-schema@^2.0.0
835 silly packumentCache full:https://registry.npmjs.org/har-schema cache-miss
836 silly fetch manifest jsprim@^1.2.2
837 silly packumentCache full:https://registry.npmjs.org/jsprim cache-miss
838 http fetch GET 200 https://registry.npmjs.org/jsprim 71ms (cache hit)
839 silly packumentCache full:https://registry.npmjs.org/jsprim set size:49462 disposed:false
840 silly fetch manifest psl@^1.1.28
841 silly packumentCache full:https://registry.npmjs.org/psl cache-miss
842 http fetch GET 200 https://registry.npmjs.org/psl 66ms (cache hit)
843 silly packumentCache full:https://registry.npmjs.org/psl set size:129526 disposed:false
844 http fetch GET 200 https://registry.npmjs.org/har-schema 240ms (cache updated)
845 silly packumentCache full:https://registry.npmjs.org/har-schema set size:undefined disposed:false
846 http fetch GET 200 https://registry.npmjs.org/ajv 308ms (cache miss)
847 silly packumentCache full:https://registry.npmjs.org/ajv set size:undefined disposed:false
848 silly placeDep ROOT ajv@6.12.6 OK for: har-validator@5.1.5 want: ^6.12.3
849 silly placeDep ROOT har-schema@2.0.0 OK for: har-validator@5.1.5 want: ^2.0.0
850 silly fetch manifest uri-js@^4.2.2
851 silly packumentCache full:https://registry.npmjs.org/uri-js cache-miss
852 silly fetch manifest fast-deep-equal@^3.1.1
853 silly packumentCache full:https://registry.npmjs.org/fast-deep-equal cache-miss
854 silly fetch manifest json-schema-traverse@^0.4.1
855 silly packumentCache full:https://registry.npmjs.org/json-schema-traverse cache-miss
856 http fetch GET 200 https://registry.npmjs.org/json-schema-traverse 133ms (cache miss)
857 silly packumentCache full:https://registry.npmjs.org/json-schema-traverse set size:undefined disposed:false
858 silly fetch manifest fast-json-stable-stringify@^2.0.0
859 silly packumentCache full:https://registry.npmjs.org/fast-json-stable-stringify cache-miss
860 http fetch GET 200 https://registry.npmjs.org/uri-js 292ms (cache updated)
861 silly packumentCache full:https://registry.npmjs.org/uri-js set size:undefined disposed:false
862 http fetch GET 200 https://registry.npmjs.org/fast-deep-equal 288ms (cache updated)
863 silly packumentCache full:https://registry.npmjs.org/fast-deep-equal set size:undefined disposed:false
864 http fetch GET 200 https://registry.npmjs.org/fast-json-stable-stringify 386ms (cache updated)
865 silly packumentCache full:https://registry.npmjs.org/fast-json-stable-stringify set size:undefined disposed:false
866 silly placeDep ROOT fast-deep-equal@3.1.3 OK for: ajv@6.12.6 want: ^3.1.1
867 silly placeDep ROOT fast-json-stable-stringify@2.1.0 OK for: ajv@6.12.6 want: ^2.0.0
868 silly placeDep ROOT json-schema-traverse@0.4.1 OK for: ajv@6.12.6 want: ^0.4.1
869 silly placeDep ROOT uri-js@4.4.1 OK for: ajv@6.12.6 want: ^4.2.2
870 silly fetch manifest punycode@^2.1.0
871 silly packumentCache full:https://registry.npmjs.org/punycode cache-miss
872 http fetch GET 200 https://registry.npmjs.org/punycode 114ms (cache hit)
873 silly packumentCache full:https://registry.npmjs.org/punycode set size:61302 disposed:false
874 silly placeDep ROOT lodash@4.17.21 OK for: request-promise-core@1.1.3 want: ^4.17.15
875 silly placeDep node_modules/safe-array-concat isarray@2.0.5 OK for: safe-array-concat@1.1.3 want: ^2.0.5
876 silly placeDep node_modules/safe-push-apply isarray@2.0.5 OK for: safe-push-apply@1.0.0 want: ^2.0.5
877 silly placeDep ROOT side-channel-list@1.0.0 OK for: side-channel@1.1.0 want: ^1.0.0
878 silly placeDep ROOT side-channel-map@1.0.1 OK for: side-channel@1.1.0 want: ^1.0.1
879 silly placeDep ROOT side-channel-weakmap@1.0.2 OK for: side-channel@1.1.0 want: ^1.0.2
880 silly placeDep ROOT agent-base@7.1.3 OK for: socks-proxy-agent@8.0.5 want: ^7.1.2
881 silly placeDep node_modules/socks-proxy-agent debug@4.4.0 OK for: socks-proxy-agent@8.0.5 want: ^4.3.4
882 silly fetch manifest ms@^2.1.3
883 silly packumentCache full:https://registry.npmjs.org/ms cache-hit
884 silly placeDep ROOT asn1@0.2.6 OK for: sshpk@1.18.0 want: ~0.2.3
885 silly placeDep ROOT bcrypt-pbkdf@1.0.2 OK for: sshpk@1.18.0 want: ^1.0.0
886 silly placeDep ROOT dashdash@1.14.1 OK for: sshpk@1.18.0 want: ^1.12.0
887 silly placeDep ROOT ecc-jsbn@0.1.2 OK for: sshpk@1.18.0 want: ~0.1.1
888 silly placeDep ROOT getpass@0.1.7 OK for: sshpk@1.18.0 want: ^0.1.1
889 silly placeDep node_modules/sshpk jsbn@0.1.1 OK for: sshpk@1.18.0 want: ~0.1.0
890 silly placeDep ROOT safer-buffer@2.1.2 OK for: sshpk@1.18.0 want: ^2.0.2
891 silly placeDep ROOT tweetnacl@0.14.5 OK for: sshpk@1.18.0 want: ~0.14.0
892 silly fetch manifest safer-buffer@~2.1.0
893 silly packumentCache full:https://registry.npmjs.org/safer-buffer cache-miss
894 silly fetch manifest tweetnacl@^0.14.3
895 silly packumentCache full:https://registry.npmjs.org/tweetnacl cache-miss
896 silly fetch manifest safer-buffer@^2.1.0
897 silly packumentCache full:https://registry.npmjs.org/safer-buffer cache-miss
898 http fetch GET 200 https://registry.npmjs.org/safer-buffer 125ms (cache hit)
899 silly packumentCache full:https://registry.npmjs.org/safer-buffer set size:18521 disposed:false
900 http fetch GET 200 https://registry.npmjs.org/safer-buffer 118ms (cache hit)
901 silly packumentCache full:https://registry.npmjs.org/safer-buffer set size:18521 disposed:false
902 silly packumentCache full:https://registry.npmjs.org/safer-buffer dispose
903 http fetch GET 200 https://registry.npmjs.org/tweetnacl 145ms (cache hit)
904 silly packumentCache full:https://registry.npmjs.org/tweetnacl set size:79790 disposed:false
905 silly placeDep node_modules/ecc-jsbn jsbn@0.1.1 OK for: ecc-jsbn@0.1.2 want: ~0.1.0
906 silly placeDep node_modules/string_decoder safe-buffer@5.1.2 OK for: string_decoder@1.1.1 want: ~5.1.0
907 silly placeDep ROOT tldts@6.1.77 OK for: tough-cookie@5.1.1 want: ^6.1.32
908 silly fetch manifest tldts-core@^6.1.77
909 silly packumentCache full:https://registry.npmjs.org/tldts-core cache-miss
910 http fetch GET 200 https://registry.npmjs.org/tldts-core 528ms (cache updated)
911 silly packumentCache full:https://registry.npmjs.org/tldts-core set size:undefined disposed:false
912 silly placeDep ROOT tldts-core@6.1.77 OK for: tldts@6.1.77 want: ^6.1.77
913 silly placeDep ROOT for-each@0.3.5 OK for: typed-array-byte-length@1.0.3 want: ^0.3.3
914 silly placeDep ROOT reflect.getprototypeof@1.0.10 OK for: typed-array-byte-offset@1.0.4 want: ^1.0.9
915 silly fetch manifest which-builtin-type@^1.2.1
916 silly packumentCache full:https://registry.npmjs.org/which-builtin-type cache-miss
917 http fetch GET 200 https://registry.npmjs.org/which-builtin-type 325ms (cache updated)
918 silly packumentCache full:https://registry.npmjs.org/which-builtin-type set size:undefined disposed:false
919 silly placeDep ROOT which-builtin-type@1.2.1 OK for: reflect.getprototypeof@1.0.10 want: ^1.2.1
920 silly fetch manifest is-async-function@^2.0.0
921 silly packumentCache full:https://registry.npmjs.org/is-async-function cache-miss
922 silly fetch manifest is-finalizationregistry@^1.1.0
923 silly packumentCache full:https://registry.npmjs.org/is-finalizationregistry cache-miss
924 silly fetch manifest is-generator-function@^1.0.10
925 silly packumentCache full:https://registry.npmjs.org/is-generator-function cache-miss
926 http fetch GET 200 https://registry.npmjs.org/is-generator-function 547ms (cache updated)
927 silly packumentCache full:https://registry.npmjs.org/is-generator-function set size:undefined disposed:false
928 silly fetch manifest which-boxed-primitive@^1.1.0
929 silly packumentCache full:https://registry.npmjs.org/which-boxed-primitive cache-miss
930 http fetch GET 200 https://registry.npmjs.org/is-finalizationregistry 579ms (cache updated)
931 silly packumentCache full:https://registry.npmjs.org/is-finalizationregistry set size:undefined disposed:false
932 silly fetch manifest which-collection@^1.0.2
933 silly packumentCache full:https://registry.npmjs.org/which-collection cache-miss
934 http fetch GET 200 https://registry.npmjs.org/is-async-function 624ms (cache updated)
935 silly packumentCache full:https://registry.npmjs.org/is-async-function set size:undefined disposed:false
936 http fetch GET 200 https://registry.npmjs.org/which-boxed-primitive 178ms (cache hit)
937 silly packumentCache full:https://registry.npmjs.org/which-boxed-primitive set size:19407 disposed:false
938 http fetch GET 200 https://registry.npmjs.org/which-collection 361ms (cache updated)
939 silly packumentCache full:https://registry.npmjs.org/which-collection set size:undefined disposed:false
940 silly placeDep ROOT has-bigints@1.1.0 OK for: unbox-primitive@1.1.0 want: ^1.0.2
941 silly placeDep ROOT which-boxed-primitive@1.1.1 OK for: unbox-primitive@1.1.0 want: ^1.1.1
942 silly fetch manifest is-bigint@^1.1.0
943 silly packumentCache full:https://registry.npmjs.org/is-bigint cache-miss
944 silly fetch manifest is-boolean-object@^1.2.1
945 silly packumentCache full:https://registry.npmjs.org/is-boolean-object cache-miss
946 silly fetch manifest is-number-object@^1.1.1
947 silly packumentCache full:https://registry.npmjs.org/is-number-object cache-miss
948 http fetch GET 200 https://registry.npmjs.org/is-bigint 269ms (cache miss)
949 silly packumentCache full:https://registry.npmjs.org/is-bigint set size:undefined disposed:false
950 http fetch GET 200 https://registry.npmjs.org/is-boolean-object 271ms (cache updated)
951 silly packumentCache full:https://registry.npmjs.org/is-boolean-object set size:undefined disposed:false
952 http fetch GET 200 https://registry.npmjs.org/is-number-object 272ms (cache updated)
953 silly packumentCache full:https://registry.npmjs.org/is-number-object set size:undefined disposed:false
954 silly placeDep ROOT punycode@2.3.1 OK for: uri-js@4.4.1 want: ^2.1.0
955 silly placeDep node_modules/verror core-util-is@1.0.2 OK for: verror@1.10.0 want: 1.0.2
956 silly placeDep ROOT is-bigint@1.1.0 OK for: which-boxed-primitive@1.1.1 want: ^1.1.0
957 silly placeDep ROOT is-boolean-object@1.2.2 OK for: which-boxed-primitive@1.1.1 want: ^1.2.1
958 silly placeDep ROOT is-number-object@1.1.1 OK for: which-boxed-primitive@1.1.1 want: ^1.1.1
959 silly placeDep ROOT is-async-function@2.1.1 OK for: which-builtin-type@1.2.1 want: ^2.0.0
960 silly placeDep ROOT is-finalizationregistry@1.1.1 OK for: which-builtin-type@1.2.1 want: ^1.1.0
961 silly placeDep ROOT is-generator-function@1.1.0 OK for: which-builtin-type@1.2.1 want: ^1.0.10
962 silly placeDep node_modules/which-builtin-type isarray@2.0.5 OK for: which-builtin-type@1.2.1 want: ^2.0.5
963 silly placeDep ROOT which-collection@1.0.2 OK for: which-builtin-type@1.2.1 want: ^1.0.2
964 silly fetch manifest async-function@^1.0.0
965 silly packumentCache full:https://registry.npmjs.org/async-function cache-miss
966 silly fetch manifest is-map@^2.0.3
967 silly packumentCache full:https://registry.npmjs.org/is-map cache-miss
968 silly fetch manifest is-set@^2.0.3
969 silly packumentCache full:https://registry.npmjs.org/is-set cache-miss
970 http fetch GET 200 https://registry.npmjs.org/is-set 213ms (cache miss)
971 silly packumentCache full:https://registry.npmjs.org/is-set set size:undefined disposed:false
972 silly fetch manifest is-weakmap@^2.0.2
973 silly packumentCache full:https://registry.npmjs.org/is-weakmap cache-miss
974 http fetch GET 200 https://registry.npmjs.org/is-map 247ms (cache updated)
975 silly packumentCache full:https://registry.npmjs.org/is-map set size:undefined disposed:false
976 silly fetch manifest is-weakset@^2.0.3
977 silly packumentCache full:https://registry.npmjs.org/is-weakset cache-miss
978 http fetch GET 200 https://registry.npmjs.org/async-function 257ms (cache updated)
979 silly packumentCache full:https://registry.npmjs.org/async-function set size:undefined disposed:false
980 http fetch GET 200 https://registry.npmjs.org/is-weakmap 143ms (cache miss)
981 silly packumentCache full:https://registry.npmjs.org/is-weakmap set size:undefined disposed:false
982 http fetch GET 200 https://registry.npmjs.org/is-weakset 291ms (cache updated)
983 silly packumentCache full:https://registry.npmjs.org/is-weakset set size:undefined disposed:false
984 silly placeDep ROOT async-function@1.0.0 OK for: is-async-function@2.1.1 want: ^1.0.0
985 silly placeDep ROOT is-map@2.0.3 OK for: which-collection@1.0.2 want: ^2.0.3
986 silly placeDep ROOT is-set@2.0.3 OK for: which-collection@1.0.2 want: ^2.0.3
987 silly placeDep ROOT is-weakmap@2.0.2 OK for: which-collection@1.0.2 want: ^2.0.2
988 silly placeDep ROOT is-weakset@2.0.4 OK for: which-collection@1.0.2 want: ^2.0.3
989 silly placeDep ROOT psl@1.15.0 OK for: tough-cookie@4.1.4 want: ^1.1.33
990 silly placeDep ROOT universalify@0.2.0 OK for: tough-cookie@4.1.4 want: ^0.2.0
991 silly placeDep ROOT url-parse@1.5.10 OK for: tough-cookie@4.1.4 want: ^1.5.3
992 silly fetch manifest querystringify@^2.1.1
993 silly packumentCache full:https://registry.npmjs.org/querystringify cache-miss
994 silly fetch manifest requires-port@^1.0.0
995 silly packumentCache full:https://registry.npmjs.org/requires-port cache-miss
996 http fetch GET 200 https://registry.npmjs.org/requires-port 146ms (cache miss)
997 silly packumentCache full:https://registry.npmjs.org/requires-port set size:undefined disposed:false
998 http fetch GET 200 https://registry.npmjs.org/querystringify 195ms (cache updated)
999 silly packumentCache full:https://registry.npmjs.org/querystringify set size:undefined disposed:false
1000 silly placeDep ROOT querystringify@2.2.0 OK for: url-parse@1.5.10 want: ^2.1.1
1001 silly placeDep ROOT requires-port@1.0.0 OK for: url-parse@1.5.10 want: ^1.0.0
1002 silly placeDep node_modules/node-telegram-bot-api ms@2.1.3 OK for: debug@3.2.7 want: ^2.1.1
1003 silly placeDep node_modules/request jsprim@1.4.2 OK for: http-signature@1.2.0 want: ^1.2.2
1004 silly placeDep node_modules/socks-proxy-agent ms@2.1.3 OK for: debug@4.4.0 want: ^2.1.3
1005 silly reify moves {}
1006 warn deprecated har-validator@5.1.5: this library is no longer supported
1007 warn deprecated uuid@3.4.0: Please upgrade  to version 7 or higher.  Older versions may use Math.random() in certain circumstances, which is known to be problematic.  See https://v8.dev/blog/math-random for details.
1008 warn deprecated request@2.88.2: request has been deprecated, see https://github.com/request/request/issues/3142
1009 silly ADD node_modules/requires-port
1010 silly ADD node_modules/querystringify
1011 silly ADD node_modules/url-parse
1012 silly ADD node_modules/universalify
1013 silly ADD node_modules/psl
1014 silly ADD node_modules/is-weakset
1015 silly ADD node_modules/is-weakmap
1016 silly ADD node_modules/is-set
1017 silly ADD node_modules/is-map
1018 silly ADD node_modules/async-function
1019 silly ADD node_modules/which-collection
1020 silly ADD node_modules/is-generator-function
1021 silly ADD node_modules/is-finalizationregistry
1022 silly ADD node_modules/is-async-function
1023 silly ADD node_modules/is-number-object
1024 silly ADD node_modules/is-boolean-object
1025 silly ADD node_modules/is-bigint
1026 silly ADD node_modules/punycode
1027 silly ADD node_modules/which-boxed-primitive
1028 silly ADD node_modules/has-bigints
1029 silly ADD node_modules/which-builtin-type
1030 silly ADD node_modules/which-builtin-type/node_modules/isarray
1031 silly ADD node_modules/reflect.getprototypeof
1032 silly ADD node_modules/for-each
1033 silly ADD node_modules/tldts-core
1034 silly ADD node_modules/tldts
1035 silly ADD node_modules/tweetnacl
1036 silly ADD node_modules/safer-buffer
1037 silly ADD node_modules/getpass
1038 silly ADD node_modules/ecc-jsbn
1039 silly ADD node_modules/ecc-jsbn/node_modules/jsbn
1040 silly ADD node_modules/dashdash
1041 silly ADD node_modules/bcrypt-pbkdf
1042 silly ADD node_modules/asn1
1043 silly ADD node_modules/agent-base
1044 silly ADD node_modules/side-channel-weakmap
1045 silly ADD node_modules/side-channel-map
1046 silly ADD node_modules/side-channel-list
1047 silly ADD node_modules/lodash
1048 silly ADD node_modules/uri-js
1049 silly ADD node_modules/json-schema-traverse
1050 silly ADD node_modules/fast-json-stable-stringify
1051 silly ADD node_modules/fast-deep-equal
1052 silly ADD node_modules/har-schema
1053 silly ADD node_modules/ajv
1054 silly ADD node_modules/oauth-sign
1055 silly ADD node_modules/har-validator
1056 silly ADD node_modules/set-function-name
1057 silly ADD node_modules/util-deprecate
1058 silly ADD node_modules/string_decoder
1059 silly ADD node_modules/string_decoder/node_modules/safe-buffer
1060 silly ADD node_modules/process-nextick-args
1061 silly ADD node_modules/isarray
1062 silly ADD node_modules/inherits
1063 silly ADD node_modules/core-util-is
1064 silly ADD node_modules/wrappy
1065 silly ADD node_modules/once
1066 silly ADD node_modules/end-of-stream
1067 silly ADD node_modules/mime-db
1068 silly ADD node_modules/verror
1069 silly ADD node_modules/verror/node_modules/core-util-is
1070 silly ADD node_modules/json-schema
1071 silly ADD node_modules/extsprintf
1072 silly ADD node_modules/side-channel
1073 silly ADD node_modules/sshpk
1074 silly ADD node_modules/sshpk/node_modules/jsbn
1075 silly ADD node_modules/jsprim
1076 silly ADD node_modules/assert-plus
1077 silly ADD node_modules/dunder-proto
1078 silly ADD node_modules/functions-have-names
1079 silly ADD node_modules/asynckit
1080 silly ADD node_modules/is-symbol
1081 silly ADD node_modules/is-date-object
1082 silly ADD node_modules/has-tostringtag
1083 silly ADD node_modules/possible-typed-array-names
1084 silly ADD node_modules/which-typed-array
1085 silly ADD node_modules/unbox-primitive
1086 silly ADD node_modules/typed-array-length
1087 silly ADD node_modules/typed-array-byte-offset
1088 silly ADD node_modules/typed-array-byte-length
1089 silly ADD node_modules/typed-array-buffer
1090 silly ADD node_modules/string.prototype.trimstart
1091 silly ADD node_modules/string.prototype.trimend
1092 silly ADD node_modules/string.prototype.trim
1093 silly ADD node_modules/set-proto
1094 silly ADD node_modules/safe-regex-test
1095 silly ADD node_modules/safe-push-apply
1096 silly ADD node_modules/safe-push-apply/node_modules/isarray
1097 silly ADD node_modules/safe-array-concat
1098 silly ADD node_modules/safe-array-concat/node_modules/isarray
1099 silly ADD node_modules/regexp.prototype.flags
1100 silly ADD node_modules/own-keys
1101 silly ADD node_modules/object.assign
1102 silly ADD node_modules/object-inspect
1103 silly ADD node_modules/math-intrinsics
1104 silly ADD node_modules/is-weakref
1105 silly ADD node_modules/is-typed-array
1106 silly ADD node_modules/is-string
1107 silly ADD node_modules/is-shared-array-buffer
1108 silly ADD node_modules/is-regex
1109 silly ADD node_modules/is-data-view
1110 silly ADD node_modules/is-callable
1111 silly ADD node_modules/is-array-buffer
1112 silly ADD node_modules/internal-slot
1113 silly ADD node_modules/hasown
1114 silly ADD node_modules/has-symbols
1115 silly ADD node_modules/has-proto
1116 silly ADD node_modules/globalthis
1117 silly ADD node_modules/get-symbol-description
1118 silly ADD node_modules/get-proto
1119 silly ADD node_modules/function.prototype.name
1120 silly ADD node_modules/es-to-primitive
1121 silly ADD node_modules/es-set-tostringtag
1122 silly ADD node_modules/data-view-byte-offset
1123 silly ADD node_modules/data-view-byte-length
1124 silly ADD node_modules/data-view-buffer
1125 silly ADD node_modules/available-typed-arrays
1126 silly ADD node_modules/arraybuffer.prototype.slice
1127 silly ADD node_modules/array-buffer-byte-length
1128 silly ADD node_modules/gopd
1129 silly ADD node_modules/object-keys
1130 silly ADD node_modules/has-property-descriptors
1131 silly ADD node_modules/define-data-property
1132 silly ADD node_modules/delayed-stream
1133 silly ADD node_modules/function-bind
1134 silly ADD node_modules/es-errors
1135 silly ADD node_modules/set-function-length
1136 silly ADD node_modules/get-intrinsic
1137 silly ADD node_modules/es-define-property
1138 silly ADD node_modules/call-bind-apply-helpers
1139 silly ADD node_modules/readable-stream
1140 silly ADD node_modules/readable-stream/node_modules/safe-buffer
1141 silly ADD node_modules/es-shim-unscopables
1142 silly ADD node_modules/es-object-atoms
1143 silly ADD node_modules/es-abstract
1144 silly ADD node_modules/define-properties
1145 silly ADD node_modules/call-bound
1146 silly ADD node_modules/call-bind
1147 silly ADD node_modules/stealthy-require
1148 silly ADD node_modules/request
1149 silly ADD node_modules/request/node_modules/jsprim
1150 silly ADD node_modules/request/node_modules/uuid
1151 silly ADD node_modules/request/node_modules/tough-cookie
1152 silly ADD node_modules/request/node_modules/qs
1153 silly ADD node_modules/request/node_modules/http-signature
1154 silly ADD node_modules/request/node_modules/form-data
1155 silly ADD node_modules/request-promise-core
1156 silly ADD node_modules/uuid
1157 silly ADD node_modules/tunnel-agent
1158 silly ADD node_modules/tough-cookie
1159 silly ADD node_modules/safe-buffer
1160 silly ADD node_modules/qs
1161 silly ADD node_modules/performance-now
1162 silly ADD node_modules/mime-types
1163 silly ADD node_modules/json-stringify-safe
1164 silly ADD node_modules/isstream
1165 silly ADD node_modules/http-signature
1166 silly ADD node_modules/form-data
1167 silly ADD node_modules/forever-agent
1168 silly ADD node_modules/extend
1169 silly ADD node_modules/combined-stream
1170 silly ADD node_modules/caseless
1171 silly ADD node_modules/aws4
1172 silly ADD node_modules/aws-sign2
1173 silly ADD node_modules/pump
1174 silly ADD node_modules/file-type
1175 silly ADD node_modules/eventemitter3
1176 silly ADD node_modules/bl
1177 silly ADD node_modules/array.prototype.findindex
1178 silly ADD node_modules/@cypress/request-promise
1179 silly ADD node_modules/@cypress/request-promise/node_modules/tough-cookie
1180 silly ADD node_modules/@cypress/request
1181 silly ADD node_modules/socks-proxy-agent
1182 silly ADD node_modules/socks-proxy-agent/node_modules/ms
1183 silly ADD node_modules/socks-proxy-agent/node_modules/debug
1184 silly ADD node_modules/node-telegram-bot-api
1185 silly ADD node_modules/node-telegram-bot-api/node_modules/ms
1186 silly ADD node_modules/node-telegram-bot-api/node_modules/mime
1187 silly ADD node_modules/node-telegram-bot-api/node_modules/debug
1188 silly ADD node_modules/bluebird
1189 silly ADD node_modules/node-red-contrib-telegrambot
1190 verbose cwd /data
1191 verbose os Linux 5.15.167.4-microsoft-standard-WSL2
1192 verbose node v20.18.0
1193 verbose npm  v10.8.2
1194 verbose exit 0
1195 info ok
